Search path: /opt/lampp/htdocs/Refactor2.0
No config files found.
Angular Language Service: 5.2.2-250c8da
TypeScript: 2.6.2
getTemplateReferences: 112ms
getDiagnostics: 10ms
Search path: /opt/lampp/htdocs/Refactor2.0/templates
No config files found.
getTemplateReferences: 0ms
Angular Language Service: 5.2.2-250c8da
TypeScript: 2.6.2
getTemplateReferences: 136ms
getDiagnostics: 9ms
getHoverAt: 5ms
getCompletions: 79ms
getDiagnostics: 48ms
updating project structure from ...
getTemplateReferences: 0ms
getTemplateReferences: 0ms
getTemplateReferences: 0ms
getTemplateReferences: 0ms
updated: ng - 59ms
getDiagnostics: 54ms
getDiagnostics: 62ms
getCompletions: 48ms
getCompletions: 31ms
getDiagnostics: 7ms
getDiagnostics: 57ms
getDiagnostics: 61ms
getDiagnostics: 42ms
getDiagnostics: 58ms
remove project: /opt/lampp/htdocs/Refactor2.0/templates/clinicas.html
Search path: /opt/lampp/htdocs/Refactor2.0/templates
No config files found.
getTemplateReferences: 0ms
Angular Language Service: 5.2.2-250c8da
TypeScript: 2.6.2
getTemplateReferences: 45ms
updating project structure from ...
getTemplateReferences: 0ms
getTemplateReferences: 0ms
getTemplateReferences: 0ms
getTemplateReferences: 0ms
updated: ng - 0ms
getDiagnostics: 7ms
updating project structure from ...
getTemplateReferences: 0ms
getTemplateReferences: 0ms
getTemplateReferences: 0ms
getTemplateReferences: 0ms
updated: ng - 0ms
getHoverAt: 4ms
getHoverAt: 0ms
getHoverAt: 2ms
getDiagnostics: 60ms
getDiagnostics: 63ms
updating project structure from ...
getTemplateReferences: 0ms
getTemplateReferences: 0ms
getTemplateReferences: 0ms
getTemplateReferences: 0ms
updated: ng - 56ms
getDiagnostics: 82ms
remove project: /opt/lampp/htdocs/Refactor2.0/templates/clinicas.html
Search path: /opt/lampp/htdocs/Refactor2.0/templates
No config files found.
getTemplateReferences: 0ms
Angular Language Service: 5.2.2-250c8da
TypeScript: 2.6.2
getTemplateReferences: 55ms
updating project structure from ...
getTemplateReferences: 0ms
getTemplateReferences: 0ms
getTemplateReferences: 0ms
getTemplateReferences: 0ms
updated: ng - 0ms
getDiagnostics: 2ms
updating project structure from ...
getTemplateReferences: 0ms
getTemplateReferences: 1ms
getTemplateReferences: 0ms
getTemplateReferences: 0ms
updated: ng - 0ms
getDiagnostics: 63ms
getHoverAt: 0ms
updating project structure from ...
getTemplateReferences: 0ms
getTemplateReferences: 0ms
getTemplateReferences: 0ms
getTemplateReferences: 0ms
updated: ng - 124ms
updating project structure from ...
getTemplateReferences: 0ms
getTemplateReferences: 0ms
getTemplateReferences: 0ms
getTemplateReferences: 0ms
updated: ng - 0ms
getDiagnostics: 59ms
remove project: /opt/lampp/htdocs/Refactor2.0/templates/clinicas.html
Search path: /opt/lampp/htdocs/Refactor2.0/templates
No config files found.
getTemplateReferences: 0ms
Angular Language Service: 5.2.2-250c8da
TypeScript: 2.6.2
getTemplateReferences: 77ms
updating project structure from ...
getTemplateReferences: 0ms
getTemplateReferences: 0ms
getTemplateReferences: 0ms
getTemplateReferences: 0ms
updated: ng - 0ms
getDiagnostics: 15ms
updating project structure from ...
getTemplateReferences: 0ms
getTemplateReferences: 0ms
getTemplateReferences: 0ms
getTemplateReferences: 0ms
updated: ng - 0ms
getHoverAt: 1ms
getHoverAt: 0ms
getHoverAt: 1ms
getHoverAt: 1ms
