[Info  - 18:03:13] 5238 files total
[Info  - 18:03:13] Indexing project for definitions and static references
Parsing file:///home/lblanco/Proyectos/blog/bootstrap/autoload.php
Parsing file:///home/lblanco/Proyectos/blog/bootstrap/cache/services.php
Parsing file:///home/lblanco/Proyectos/blog/bootstrap/app.php
Parsing file:///home/lblanco/Proyectos/blog/resources/lang/en/passwords.php
Parsing file:///home/lblanco/Proyectos/blog/resources/lang/en/pagination.php
Parsing file:///home/lblanco/Proyectos/blog/resources/lang/en/validation.php
Parsing file:///home/lblanco/Proyectos/blog/resources/lang/en/auth.php
Parsing file:///home/lblanco/Proyectos/blog/resources/views/solicitudes_pendientes_mutual.blade.php
Parsing file:///home/lblanco/Proyectos/blog/resources/views/pagoSolicitudesPendientesDeCobro.blade.php
Parsing file:///home/lblanco/Proyectos/blog/resources/views/ABM_productos.blade.php
Parsing file:///home/lblanco/Proyectos/blog/resources/views/welcome.blade.php
Parsing file:///home/lblanco/Proyectos/blog/resources/views/prueba.blade.php
Parsing file:///home/lblanco/Proyectos/blog/resources/views/CuentasCorrientes.blade.php
Parsing file:///home/lblanco/Proyectos/blog/resources/views/cobro_cuotas_sociales.blade.php
Parsing file:///home/lblanco/Proyectos/blog/resources/views/ABM_bancos.blade.php
Parsing file:///home/lblanco/Proyectos/blog/resources/views/mayor_contable.blade.php
Parsing file:///home/lblanco/Proyectos/blog/resources/views/ABM_proovedores.blade.php
Parsing file:///home/lblanco/Proyectos/blog/resources/views/caja.blade.php
Parsing file:///home/lblanco/Proyectos/blog/resources/views/ABM_socios.blade.php
Parsing file:///home/lblanco/Proyectos/blog/resources/views/novedades.blade.php
Parsing file:///home/lblanco/Proyectos/blog/resources/views/asientosManuales.blade.php
Parsing file:///home/lblanco/Proyectos/blog/resources/views/ABM_roles.blade.php
Parsing file:///home/lblanco/Proyectos/blog/resources/views/ABM_organismos.blade.php
Parsing file:///home/lblanco/Proyectos/blog/resources/views/cuentaCorrienteComercializador.blade.php
Parsing file:///home/lblanco/Proyectos/blog/resources/views/comercializado.blade.php
Parsing file:///home/lblanco/Proyectos/blog/resources/views/ABM_capitulos.blade.php
Parsing file:///home/lblanco/Proyectos/blog/resources/views/pago_proovedores.blade.php
Parsing file:///home/lblanco/Proyectos/blog/resources/views/ABM_operaciones.blade.php
Parsing file:///home/lblanco/Proyectos/blog/resources/views/cc_cuotasSociales.blade.php
Parsing file:///home/lblanco/Proyectos/blog/resources/views/pago_contable_proveedor.blade.php
Parsing file:///home/lblanco/Proyectos/blog/resources/views/aprobacion_servicios.blade.php
Parsing file:///home/lblanco/Proyectos/blog/resources/views/cobrar.blade.php
Parsing file:///home/lblanco/Proyectos/blog/resources/views/cobrar_contablemente.blade.php
Parsing file:///home/lblanco/Proyectos/blog/resources/views/Dar_servicio.blade.php
Parsing file:///home/lblanco/Proyectos/blog/resources/views/cobranza.blade.php
Parsing file:///home/lblanco/Proyectos/blog/resources/views/comercializador.blade.php
Parsing file:///home/lblanco/Proyectos/blog/resources/views/ABM_comercializadores.blade.php
Parsing file:///home/lblanco/Proyectos/blog/resources/views/ABM_prioridades.blade.php
Parsing file:///home/lblanco/Proyectos/blog/resources/views/landing.blade.php
Parsing file:///home/lblanco/Proyectos/blog/resources/views/solicitudesPendientesDeCobro.blade.php
Parsing file:///home/lblanco/Proyectos/blog/resources/views/correr_vto_servicios.blade.php
Parsing file:///home/lblanco/Proyectos/blog/resources/views/balance.blade.php
Parsing file:///home/lblanco/Proyectos/blog/resources/views/proveedor_cc.blade.php
Parsing file:///home/lblanco/Proyectos/blog/resources/views/caja_operaciones.blade.php
Parsing file:///home/lblanco/Proyectos/blog/resources/views/login.blade.php
Parsing file:///home/lblanco/Proyectos/blog/resources/views/agente_financiero.blade.php
Parsing file:///home/lblanco/Proyectos/blog/resources/views/ABM_usuarios.blade.php
Parsing file:///home/lblanco/Proyectos/blog/composer-setup.php
[Info  - 18:03:13] Ignoring file file:///home/lblanco/Proyectos/blog/composer-setup.php because it exceeds size limit of 150000 bytes (305459)
Parsing file:///home/lblanco/Proyectos/blog/routes/channels.php
Parsing file:///home/lblanco/Proyectos/blog/routes/web.php
Parsing file:///home/lblanco/Proyectos/blog/routes/api.php
Parsing file:///home/lblanco/Proyectos/blog/routes/console.php
Parsing file:///home/lblanco/Proyectos/blog/tests/Unit/CobroCuotasSocialesTest.php
Parsing file:///home/lblanco/Proyectos/blog/tests/Unit/AprobarServicioTest.php
Parsing file:///home/lblanco/Proyectos/blog/tests/Unit/CorrerVtoTest.php
Parsing file:///home/lblanco/Proyectos/blog/tests/Unit/ABM_asociadosTest.php
Parsing file:///home/lblanco/Proyectos/blog/tests/Unit/DarServicioTest.php
Parsing file:///home/lblanco/Proyectos/blog/tests/Unit/ABM_CapitulosTest.php
Parsing file:///home/lblanco/Proyectos/blog/tests/Unit/ABM_OperacionesTest.php
Parsing file:///home/lblanco/Proyectos/blog/tests/Unit/SolicitudesEsperandoMutualTest.php
Parsing file:///home/lblanco/Proyectos/blog/tests/Unit/ABM_ComercializadorTest.php
Parsing file:///home/lblanco/Proyectos/blog/tests/Unit/CobrarPorSocioTest.php
Parsing file:///home/lblanco/Proyectos/blog/tests/Unit/ABM_OrganismosTest.php
Parsing file:///home/lblanco/Proyectos/blog/tests/Unit/ComercializadorTest.php
Parsing file:///home/lblanco/Proyectos/blog/tests/Unit/CobrarPorVentaTest.php
Parsing file:///home/lblanco/Proyectos/blog/tests/Unit/AgenteFinancieroSolicitudesTest.php
Parsing file:///home/lblanco/Proyectos/blog/tests/CreatesApplication.php
Parsing file:///home/lblanco/Proyectos/blog/tests/Feature/ExampleTest.php
Parsing file:///home/lblanco/Proyectos/blog/tests/TestCase.php
Parsing file:///home/lblanco/Proyectos/blog/vendor/autoload.php
Parsing file:///home/lblanco/Proyectos/blog/vendor/composer/autoload_real.php
Parsing file:///home/lblanco/Proyectos/blog/vendor/composer/autoload_classmap.php
[Info  - 18:03:13] Ignoring file file:///home/lblanco/Proyectos/blog/vendor/composer/autoload_classmap.php because it exceeds size limit of 150000 bytes (437381)
Parsing file:///home/lblanco/Proyectos/blog/vendor/composer/autoload_files.php
Parsing file:///home/lblanco/Proyectos/blog/vendor/composer/autoload_psr4.php
Parsing file:///home/lblanco/Proyectos/blog/vendor/composer/autoload_namespaces.php
Parsing file:///home/lblanco/Proyectos/blog/vendor/composer/ClassLoader.php
Parsing file:///home/lblanco/Proyectos/blog/vendor/composer/autoload_static.php
[Info  - 18:03:13] Ignoring file file:///home/lblanco/Proyectos/blog/vendor/composer/autoload_static.php because it exceeds size limit of 150000 bytes (481426)
Parsing file:///home/lblanco/Proyectos/blog/database/migrations/2017_07_31_201236_create_solicitudes_sin_inversionistas_table.php
Parsing file:///home/lblanco/Proyectos/blog/database/migrations/2017_10_19_223650_create_asientos_table.php
Parsing file:///home/lblanco/Proyectos/blog/database/migrations/2017_11_27_144452_create_caja_operaciones_table.php
Parsing file:///home/lblanco/Proyectos/blog/database/migrations/2017_03_04_046515_create_cuotas_table.php
Parsing file:///home/lblanco/Proyectos/blog/database/migrations/2017_02_19_225125_create_pantallas_table.php
Parsing file:///home/lblanco/Proyectos/blog/database/migrations/2017_09_25_151156_create_departamentos_table.php
Parsing file:///home/lblanco/Proyectos/blog/database/migrations/2017_10_17_215430_create_categoria_cuota_socials_table.php
Parsing file:///home/lblanco/Proyectos/blog/database/migrations/2017_07_28_150858_create_solicituds_table.php
Parsing file:///home/lblanco/Proyectos/blog/database/migrations/2017_10_17_215358_create_porcentaje_colocacions_table.php
Parsing file:///home/lblanco/Proyectos/blog/database/migrations/2017_11_27_133116_operacion_imputacion.php
Parsing file:///home/lblanco/Proyectos/blog/database/migrations/2017_11_02_150501_create_saldos_cuentas_table.php
Parsing file:///home/lblanco/Proyectos/blog/database/migrations/2017_09_18_175000_create_notifications_table.php
Parsing file:///home/lblanco/Proyectos/blog/database/migrations/2017_07_28_171452_create_comercializadors_table.php
Parsing file:///home/lblanco/Proyectos/blog/database/migrations/2017_10_31_173733_create_control_fecha_contables_table.php
Parsing file:///home/lblanco/Proyectos/blog/database/migrations/2017_11_20_141721_create_config_imputaciones_table.php
Parsing file:///home/lblanco/Proyectos/blog/database/migrations/2017_03_04_030112_create_productos_table.php
Parsing file:///home/lblanco/Proyectos/blog/database/migrations/2017_03_04_045316_create_ventas_table.php
Parsing file:///home/lblanco/Proyectos/blog/database/migrations/2017_04_07_174005_movimientos.php
Parsing file:///home/lblanco/Proyectos/blog/database/migrations/2017_09_25_151212_create_imputacions_table.php
Parsing file:///home/lblanco/Proyectos/blog/database/migrations/2017_11_27_132850_operacion.php
Parsing file:///home/lblanco/Proyectos/blog/database/migrations/2017_01_20_190905_create_a_b_m_organismos_table.php
Parsing file:///home/lblanco/Proyectos/blog/database/migrations/2017_09_25_151144_create_rubros_table.php
Parsing file:///home/lblanco/Proyectos/blog/database/migrations/2017_01_20_200525_create_prioridades_table.php
Parsing file:///home/lblanco/Proyectos/blog/database/migrations/2017_01_25_235406_create_socios_table.php
Parsing file:///home/lblanco/Proyectos/blog/database/migrations/2017_09_25_151150_create_monedas_table.php
Parsing file:///home/lblanco/Proyectos/blog/database/migrations/2017_10_30_140300_create_banco_repos_table.php
Parsing file:///home/lblanco/Proyectos/blog/database/migrations/2017_11_19_021815_create_proveedor_imputacion_deudores_table.php
Parsing file:///home/lblanco/Proyectos/blog/database/migrations/2017_11_26_154811_chequeras.php
Parsing file:///home/lblanco/Proyectos/blog/database/migrations/2017_10_18_212344_create_ejercicios_table.php
Parsing file:///home/lblanco/Proyectos/blog/database/migrations/2017_09_25_151051_create_capitulos_table.php
Parsing file:///home/lblanco/Proyectos/blog/database/migrations/2014_07_02_230147_migration_cartalyst_sentinel.php
Parsing file:///home/lblanco/Proyectos/blog/database/migrations/2017_01_20_210151_create_proovedores_table.php
Parsing file:///home/lblanco/Proyectos/blog/database/migrations/2017_06_01_195222_create_estado_ventas_table.php.php
Parsing file:///home/lblanco/Proyectos/blog/database/migrations/2017_09_25_151205_create_sub_rubros_table.php
Parsing file:///home/lblanco/Proyectos/blog/database/seeds/OrganismosTablaSeeder.php
Parsing file:///home/lblanco/Proyectos/blog/database/seeds/ComercializadorSeed.php
Parsing file:///home/lblanco/Proyectos/blog/database/seeds/InicioSistema.php
Parsing file:///home/lblanco/Proyectos/blog/database/seeds/PruebaVelocidad.php
Parsing file:///home/lblanco/Proyectos/blog/database/seeds/PantallasSeed.php
Parsing file:///home/lblanco/Proyectos/blog/database/seeds/PrioridadesSeed.php
Parsing file:///home/lblanco/Proyectos/blog/database/seeds/InicioSistemaSoloAbms.php
Parsing file:///home/lblanco/Proyectos/blog/database/seeds/SociosTablaSeeder.php
Parsing file:///home/lblanco/Proyectos/blog/database/seeds/CuotasSocialesSeeder.php
Parsing file:///home/lblanco/Proyectos/blog/database/seeds/ProductosTablaSeeder.php
Parsing file:///home/lblanco/Proyectos/blog/database/seeds/VentasTablaSeeder.php
Parsing file:///home/lblanco/Proyectos/blog/database/seeds/InicioSistemaCompleto.php
Parsing file:///home/lblanco/Proyectos/blog/database/seeds/SocioConVentaVencidaTest.php
Parsing file:///home/lblanco/Proyectos/blog/database/seeds/UserSeed.php
Parsing file:///home/lblanco/Proyectos/blog/database/seeds/DatabaseSeeder.php
Parsing file:///home/lblanco/Proyectos/blog/database/seeds/ProovedoresTablaSeeder.php
Parsing file:///home/lblanco/Proyectos/blog/database/seeds/SocioConCuotasSocialesVencidas.php
Parsing file:///home/lblanco/Proyectos/blog/database/factories/ProductoFactory.php
Parsing file:///home/lblanco/Proyectos/blog/database/factories/PrioridadFactory.php
Parsing file:///home/lblanco/Proyectos/blog/database/factories/CapituloFactory.php
Parsing file:///home/lblanco/Proyectos/blog/database/factories/DepartamentoFactory.php
Parsing file:///home/lblanco/Proyectos/blog/database/factories/EjercicioFactory.php
Parsing file:///home/lblanco/Proyectos/blog/database/factories/CuentaSaldoFactory.php
Parsing file:///home/lblanco/Proyectos/blog/database/factories/VentaFactory.php
Parsing file:///home/lblanco/Proyectos/blog/database/factories/SolicitudFactory.php
Parsing file:///home/lblanco/Proyectos/blog/database/factories/SubRubroFactory.php
Parsing file:///home/lblanco/Proyectos/blog/database/factories/OrganismoFactory.php
Parsing file:///home/lblanco/Proyectos/blog/database/factories/AsientoFactory.php
Parsing file:///home/lblanco/Proyectos/blog/database/factories/ImputacionFactory.php
Parsing file:///home/lblanco/Proyectos/blog/database/factories/ModelFactory.php
Parsing file:///home/lblanco/Proyectos/blog/database/factories/RubroFactory.php
Parsing file:///home/lblanco/Proyectos/blog/database/factories/ProveedorFactory.php
Parsing file:///home/lblanco/Proyectos/blog/database/factories/SociosFactory.php
Parsing file:///home/lblanco/Proyectos/blog/database/factories/CuotaFactory.php
Parsing file:///home/lblanco/Proyectos/blog/database/factories/MonedaFactory.php
Parsing file:///home/lblanco/Proyectos/blog/database/factories/OperacionFactory.php
Parsing file:///home/lblanco/Proyectos/blog/config/filesystems.php
Parsing file:///home/lblanco/Proyectos/blog/config/cache.php
Parsing file:///home/lblanco/Proyectos/blog/config/errors.php
Parsing file:///home/lblanco/Proyectos/blog/config/mail.php
Parsing file:///home/lblanco/Proyectos/blog/config/session.php
Parsing file:///home/lblanco/Proyectos/blog/config/broadcasting.php
Parsing file:///home/lblanco/Proyectos/blog/config/queue.php
Parsing file:///home/lblanco/Proyectos/blog/config/cartalyst.sentinel.php
Parsing file:///home/lblanco/Proyectos/blog/config/services.php
Parsing file:///home/lblanco/Proyectos/blog/config/database.php
Parsing file:///home/lblanco/Proyectos/blog/config/view.php
Parsing file:///home/lblanco/Proyectos/blog/config/app.php
Parsing file:///home/lblanco/Proyectos/blog/config/auth.php
Parsing file:///home/lblanco/Proyectos/blog/storage/framework/views/38b3b0cff18b6835d4c0bc8137cc6b38a7d8f4b1.php
Parsing file:///home/lblanco/Proyectos/blog/storage/framework/views/faa5d44e030bc261c6b427c34586e0accc3bc08b.php
Parsing file:///home/lblanco/Proyectos/blog/storage/framework/views/ab944678abaa84cfedcb2638f834362f7c6551d9.php
Parsing file:///home/lblanco/Proyectos/blog/storage/framework/views/e320dc0116b3456fb5d2392dfbc457dc29316235.php
Parsing file:///home/lblanco/Proyectos/blog/storage/framework/views/aa6f889a28df1c93a59bf4fe98fce3df9dd01e92.php
Parsing file:///home/lblanco/Proyectos/blog/storage/framework/views/741b0ea27f74914f10551af077fecc047fc73488.php
Parsing file:///home/lblanco/Proyectos/blog/storage/framework/views/77e63f99a66195f29b2527df3a0194559c0418a3.php
Parsing file:///home/lblanco/Proyectos/blog/storage/framework/views/a4764c5f5b323c244235b5b635db676e8d9aba03.php
Parsing file:///home/lblanco/Proyectos/blog/storage/framework/views/3cc989e486e3a28b02629d49b1210388c41f1cc7.php
Parsing file:///home/lblanco/Proyectos/blog/storage/framework/views/56ad48f3eb619db81625fa5842fe3da8a78816d3.php
Parsing file:///home/lblanco/Proyectos/blog/storage/framework/views/cf3cdb8c494ad72008611d448999d332f9827ff7.php
Parsing file:///home/lblanco/Proyectos/blog/storage/framework/views/1af1bcd1847ad51bcc37a788309a0c6a94f1acee.php
Parsing file:///home/lblanco/Proyectos/blog/storage/framework/views/f1d9f2feca29b525a5c97ad1cbc952965d19373c.php
Parsing file:///home/lblanco/Proyectos/blog/storage/framework/views/31c42749113de1a4789933009c02aa9a5c368871.php
Parsing file:///home/lblanco/Proyectos/blog/storage/framework/views/1c269ae3e4b3442c1475a2997d80a6c54e0ad878.php
Parsing file:///home/lblanco/Proyectos/blog/storage/framework/views/6a6382ec8576571dc8be79d3d491db4da0053a1c.php
Parsing file:///home/lblanco/Proyectos/blog/storage/framework/views/3b2bf7f6962871fd04fae4703f2b4a5e27fb2a57.php
Parsing file:///home/lblanco/Proyectos/blog/storage/framework/views/44c5cad0021012288cfbca9e8f1da9feaf0ca501.php
Parsing file:///home/lblanco/Proyectos/blog/storage/framework/views/96ebcc43b04118e8f843b303166d230494c2266d.php
Parsing file:///home/lblanco/Proyectos/blog/storage/framework/views/ee7546b547d87af62399ebd8d49c3698a4e77d87.php
Parsing file:///home/lblanco/Proyectos/blog/storage/framework/views/23ce48b121b5cea77c63044b9ec471926fd6272e.php
Parsing file:///home/lblanco/Proyectos/blog/storage/framework/views/a45f5bef87b82b021ce2034535a6b46898dad721.php
Parsing file:///home/lblanco/Proyectos/blog/storage/framework/views/bf41660db2e9687607d022111da4be6396964d1d.php
Parsing file:///home/lblanco/Proyectos/blog/storage/framework/views/02c06d24c751f9857b3db095b28c0eb0e7562de4.php
Parsing file:///home/lblanco/Proyectos/blog/storage/framework/views/fccb2cde11098c812ea6abdf14f292395ec2ef7a.php
Parsing file:///home/lblanco/Proyectos/blog/storage/framework/views/778479caeb2ed024fbcbbbbe699f9a8e9af1a6ed.php
Parsing file:///home/lblanco/Proyectos/blog/storage/framework/views/a1a8f082eba4b2ae1ed2a4f92daea35dbdf0caf9.php
Parsing file:///home/lblanco/Proyectos/blog/storage/framework/views/d60f6be0b57fed9b50ab7878ffcbaab2814dbcf2.php
Parsing file:///home/lblanco/Proyectos/blog/storage/framework/views/f94611a95a19687c4b2adaded702bed3897b3644.php
Parsing file:///home/lblanco/Proyectos/blog/storage/framework/views/1f81c14b9479c0f1ca8fe9d53a6b94dc476c6a90.php
Parsing file:///home/lblanco/Proyectos/blog/storage/framework/views/b0b4f4bf34b11e1b40fa0b2ea21ba8850eb3fb4c.php
Parsing file:///home/lblanco/Proyectos/blog/storage/framework/views/d7a6225121a7b167c5463d7ee71516ff5ad0118d.php
Parsing file:///home/lblanco/Proyectos/blog/storage/framework/views/9a6617d056f06154a49d1ca54f1272e57bb941dd.php
Parsing file:///home/lblanco/Proyectos/blog/storage/framework/views/b0c256b164580fccd569d53ad1d0a8299b303005.php
Parsing file:///home/lblanco/Proyectos/blog/storage/framework/views/237d2c0386db57897145c45c9e2648f257940646.php
Parsing file:///home/lblanco/Proyectos/blog/storage/framework/views/1cb317b8835d90ad9b3278d086a49db882fda625.php
Parsing file:///home/lblanco/Proyectos/blog/storage/framework/views/589cbdd7603280f49d7275558a3970194b958cfc.php
Parsing file:///home/lblanco/Proyectos/blog/storage/framework/views/afae14f3043894bc128875a03acb370edb8bbc04.php
Parsing file:///home/lblanco/Proyectos/blog/storage/framework/views/dbd81fab45a473ce8224ace59e60f6e0b75103bd.php
Parsing file:///home/lblanco/Proyectos/blog/storage/framework/views/da17115f8497a69fe0bad40d73ba56f23968f70f.php
Parsing file:///home/lblanco/Proyectos/blog/storage/framework/views/10d1d3c4130f2a37abc239a4790395eb765d4c39.php
Parsing file:///home/lblanco/Proyectos/blog/storage/framework/views/87bc2b95edb0e7fb7b94e88187d62004fbc31930.php
Parsing file:///home/lblanco/Proyectos/blog/Xdebug/xdebug-2.6.0beta1/run-tests.php
Parsing file:///home/lblanco/Proyectos/blog/Xdebug/xdebug-2.6.0beta1/contrib/tracefile-analyser.php
Parsing file:///home/lblanco/Proyectos/blog/server.php
Parsing file:///home/lblanco/Proyectos/blog/app/Productos.php
Parsing file:///home/lblanco/Proyectos/blog/app/Moneda.php
Parsing file:///home/lblanco/Proyectos/blog/app/Capitulo.php
Parsing file:///home/lblanco/Proyectos/blog/app/AgenteFinanciero.php
Parsing file:///home/lblanco/Proyectos/blog/app/User.php
Parsing file:///home/lblanco/Proyectos/blog/app/Operacion.php
Parsing file:///home/lblanco/Proyectos/blog/app/Listeners/EnviarNotificacionDeSolicitudEnProceso.php
Parsing file:///home/lblanco/Proyectos/blog/app/Listeners/EventListener.php
Parsing file:///home/lblanco/Proyectos/blog/app/ProveedorImputacionDeudores.php
Parsing file:///home/lblanco/Proyectos/blog/app/SolicitudesSinInversionista.php
Parsing file:///home/lblanco/Proyectos/blog/app/Departamento.php
Parsing file:///home/lblanco/Proyectos/blog/app/Traits/FechasManager.php
Parsing file:///home/lblanco/Proyectos/blog/app/Traits/Conversion.php
Parsing file:///home/lblanco/Proyectos/blog/app/Rubro.php
Parsing file:///home/lblanco/Proyectos/blog/app/CategoriaCuotaSocial.php
Parsing file:///home/lblanco/Proyectos/blog/app/Repositories/Eloquent/AgenteFinanciero.php
Parsing file:///home/lblanco/Proyectos/blog/app/Repositories/Eloquent/Socio.php
Parsing file:///home/lblanco/Proyectos/blog/app/Repositories/Eloquent/Generadores/GeneradorVenta.php
Parsing file:///home/lblanco/Proyectos/blog/app/Repositories/Eloquent/Generadores/GeneradorCuotas.php
Parsing file:///home/lblanco/Proyectos/blog/app/Repositories/Eloquent/Generadores/GeneradorNumeroCredito.php
Parsing file:///home/lblanco/Proyectos/blog/app/Repositories/Eloquent/Movimiento.php
Parsing file:///home/lblanco/Proyectos/blog/app/Repositories/Eloquent/Organismo.php
Parsing file:///home/lblanco/Proyectos/blog/app/Repositories/Eloquent/Cuota.php
Parsing file:///home/lblanco/Proyectos/blog/app/Repositories/Eloquent/CalcularSaldos.php
Parsing file:///home/lblanco/Proyectos/blog/app/Repositories/Eloquent/Repos/Moneda.php
Parsing file:///home/lblanco/Proyectos/blog/app/Repositories/Eloquent/Repos/Capitulo.php
Parsing file:///home/lblanco/Proyectos/blog/app/Repositories/Eloquent/Repos/OrganismosRepo.php
Parsing file:///home/lblanco/Proyectos/blog/app/Repositories/Eloquent/Repos/EstadoVentaRepo.php
Parsing file:///home/lblanco/Proyectos/blog/app/Repositories/Eloquent/Repos/Gateway/CapituloGateway.php
Parsing file:///home/lblanco/Proyectos/blog/app/Repositories/Eloquent/Repos/Gateway/MovimientosGateway.php
Parsing file:///home/lblanco/Proyectos/blog/app/Repositories/Eloquent/Repos/Gateway/VentasGateway.php
Parsing file:///home/lblanco/Proyectos/blog/app/Repositories/Eloquent/Repos/Gateway/OrganismosGateway.php
Parsing file:///home/lblanco/Proyectos/blog/app/Repositories/Eloquent/Repos/Gateway/BancoGateway.php
Parsing file:///home/lblanco/Proyectos/blog/app/Repositories/Eloquent/Repos/Gateway/Gateway.php
Parsing file:///home/lblanco/Proyectos/blog/app/Repositories/Eloquent/Repos/Gateway/MonedaGateway.php
Parsing file:///home/lblanco/Proyectos/blog/app/Repositories/Eloquent/Repos/Gateway/ImputacionGateway.php
Parsing file:///home/lblanco/Proyectos/blog/app/Repositories/Eloquent/Repos/Gateway/DepartamentoGateway.php
Parsing file:///home/lblanco/Proyectos/blog/app/Repositories/Eloquent/Repos/Gateway/EstadoVentaGateway.php
Parsing file:///home/lblanco/Proyectos/blog/app/Repositories/Eloquent/Repos/Gateway/SolicitudesSinInversionistaGateway.php
Parsing file:///home/lblanco/Proyectos/blog/app/Repositories/Eloquent/Repos/Gateway/PrioridadGateway.php
Parsing file:///home/lblanco/Proyectos/blog/app/Repositories/Eloquent/Repos/Gateway/SubRubroGateway.php
Parsing file:///home/lblanco/Proyectos/blog/app/Repositories/Eloquent/Repos/Gateway/SolicitudGateway.php
Parsing file:///home/lblanco/Proyectos/blog/app/Repositories/Eloquent/Repos/Gateway/ProductosGateway.php
Parsing file:///home/lblanco/Proyectos/blog/app/Repositories/Eloquent/Repos/Gateway/ComercializadorGateway.php
Parsing file:///home/lblanco/Proyectos/blog/app/Repositories/Eloquent/Repos/Gateway/AsientosGateway.php
Parsing file:///home/lblanco/Proyectos/blog/app/Repositories/Eloquent/Repos/Gateway/CuotasGateway.php
Parsing file:///home/lblanco/Proyectos/blog/app/Repositories/Eloquent/Repos/Gateway/RubroGateway.php
Parsing file:///home/lblanco/Proyectos/blog/app/Repositories/Eloquent/Repos/Gateway/SociosGateway.php
Parsing file:///home/lblanco/Proyectos/blog/app/Repositories/Eloquent/Repos/Gateway/AgenteFinancieroGateway.php
Parsing file:///home/lblanco/Proyectos/blog/app/Repositories/Eloquent/Repos/Gateway/ProveedoresGateway.php
Parsing file:///home/lblanco/Proyectos/blog/app/Repositories/Eloquent/Repos/Departamento.php
Parsing file:///home/lblanco/Proyectos/blog/app/Repositories/Eloquent/Repos/Rubro.php
Parsing file:///home/lblanco/Proyectos/blog/app/Repositories/Eloquent/Repos/MovimientosRepo.php
Parsing file:///home/lblanco/Proyectos/blog/app/Repositories/Eloquent/Repos/Repositorio.php
Parsing file:///home/lblanco/Proyectos/blog/app/Repositories/Eloquent/Repos/SubRubro.php
Parsing file:///home/lblanco/Proyectos/blog/app/Repositories/Eloquent/Repos/ComercializadorRepo.php
Parsing file:///home/lblanco/Proyectos/blog/app/Repositories/Eloquent/Repos/Imputacion.php
Parsing file:///home/lblanco/Proyectos/blog/app/Repositories/Eloquent/Repos/VentasRepo.php
Parsing file:///home/lblanco/Proyectos/blog/app/Repositories/Eloquent/Repos/CuotasRepo.php
Parsing file:///home/lblanco/Proyectos/blog/app/Repositories/Eloquent/Repos/SolicitudRepo.php
Parsing file:///home/lblanco/Proyectos/blog/app/Repositories/Eloquent/Repos/AgenteFinancieroRepo.php
Parsing file:///home/lblanco/Proyectos/blog/app/Repositories/Eloquent/Repos/SolicitudesSinInversionistaRepo.php
Parsing file:///home/lblanco/Proyectos/blog/app/Repositories/Eloquent/Repos/ProveedoresRepo.php
Parsing file:///home/lblanco/Proyectos/blog/app/Repositories/Eloquent/Repos/Mapper/MovimientoMapper.php
Parsing file:///home/lblanco/Proyectos/blog/app/Repositories/Eloquent/Repos/Mapper/OrganismosMapper.php
Parsing file:///home/lblanco/Proyectos/blog/app/Repositories/Eloquent/Repos/Mapper/MonedaMapper.php
Parsing file:///home/lblanco/Proyectos/blog/app/Repositories/Eloquent/Repos/Mapper/SociosMapper.php
Parsing file:///home/lblanco/Proyectos/blog/app/Repositories/Eloquent/Repos/Mapper/DepartamentoMapper.php
Parsing file:///home/lblanco/Proyectos/blog/app/Repositories/Eloquent/Repos/Mapper/EstadoVentaMapper.php
Parsing file:///home/lblanco/Proyectos/blog/app/Repositories/Eloquent/Repos/Mapper/ImputacionMapper.php
Parsing file:///home/lblanco/Proyectos/blog/app/Repositories/Eloquent/Repos/Mapper/RubroMapper.php
Parsing file:///home/lblanco/Proyectos/blog/app/Repositories/Eloquent/Repos/Mapper/AgenteFinancieroMapper.php
Parsing file:///home/lblanco/Proyectos/blog/app/Repositories/Eloquent/Repos/Mapper/PrioridadMapper.php
Parsing file:///home/lblanco/Proyectos/blog/app/Repositories/Eloquent/Repos/Mapper/ComercializadorMapper.php
Parsing file:///home/lblanco/Proyectos/blog/app/Repositories/Eloquent/Repos/Mapper/SolicitudMapper.php
Parsing file:///home/lblanco/Proyectos/blog/app/Repositories/Eloquent/Repos/Mapper/SolicitudesSinInversionistaMapper.php
Parsing file:///home/lblanco/Proyectos/blog/app/Repositories/Eloquent/Repos/Mapper/BancoMapper.php
Parsing file:///home/lblanco/Proyectos/blog/app/Repositories/Eloquent/Repos/Mapper/VentasMapper.php
Parsing file:///home/lblanco/Proyectos/blog/app/Repositories/Eloquent/Repos/Mapper/ProductosMapper.php
Parsing file:///home/lblanco/Proyectos/blog/app/Repositories/Eloquent/Repos/Mapper/CuotasMapper.php
Parsing file:///home/lblanco/Proyectos/blog/app/Repositories/Eloquent/Repos/Mapper/SubRubroMapper.php
Parsing file:///home/lblanco/Proyectos/blog/app/Repositories/Eloquent/Repos/Mapper/ProveedoresMapper.php
Parsing file:///home/lblanco/Proyectos/blog/app/Repositories/Eloquent/Repos/Mapper/CapituloMapper.php
Parsing file:///home/lblanco/Proyectos/blog/app/Repositories/Eloquent/Repos/PrioridadRepo.php
Parsing file:///home/lblanco/Proyectos/blog/app/Repositories/Eloquent/Repos/SociosRepo.php
Parsing file:///home/lblanco/Proyectos/blog/app/Repositories/Eloquent/Repos/BancoRepo.php
Parsing file:///home/lblanco/Proyectos/blog/app/Repositories/Eloquent/Repos/ProductosRepo.php
Parsing file:///home/lblanco/Proyectos/blog/app/Repositories/Eloquent/EstadoVenta.php
Parsing file:///home/lblanco/Proyectos/blog/app/Repositories/Eloquent/Proveedor.php
Parsing file:///home/lblanco/Proyectos/blog/app/Repositories/Eloquent/GeneradorDeAsientos.php
Parsing file:///home/lblanco/Proyectos/blog/app/Repositories/Eloquent/Contabilidad/Moneda.php
Parsing file:///home/lblanco/Proyectos/blog/app/Repositories/Eloquent/Contabilidad/Capitulo.php
Parsing file:///home/lblanco/Proyectos/blog/app/Repositories/Eloquent/Contabilidad/Departamento.php
Parsing file:///home/lblanco/Proyectos/blog/app/Repositories/Eloquent/Contabilidad/Rubro.php
Parsing file:///home/lblanco/Proyectos/blog/app/Repositories/Eloquent/Contabilidad/SubRubro.php
Parsing file:///home/lblanco/Proyectos/blog/app/Repositories/Eloquent/Contabilidad/Imputacion.php
Parsing file:///home/lblanco/Proyectos/blog/app/Repositories/Eloquent/Contabilidad/CalculadorSaldoInicial.php
Parsing file:///home/lblanco/Proyectos/blog/app/Repositories/Eloquent/Contabilidad/GeneradorDeCuentas.php
Parsing file:///home/lblanco/Proyectos/blog/app/Repositories/Eloquent/Fechas.php
Parsing file:///home/lblanco/Proyectos/blog/app/Repositories/Eloquent/Producto.php
Parsing file:///home/lblanco/Proyectos/blog/app/Repositories/Eloquent/ConsultasCuotas.php
Parsing file:///home/lblanco/Proyectos/blog/app/Repositories/Eloquent/Solicitud.php
Parsing file:///home/lblanco/Proyectos/blog/app/Repositories/Eloquent/FileManager.php
Parsing file:///home/lblanco/Proyectos/blog/app/Repositories/Eloquent/Prioridad.php
Parsing file:///home/lblanco/Proyectos/blog/app/Repositories/Eloquent/ABMS/AbmPrioridadesRepositorio.php
Parsing file:///home/lblanco/Proyectos/blog/app/Repositories/Eloquent/ABMS/AbmProovedoresRepositorio.php
Parsing file:///home/lblanco/Proyectos/blog/app/Repositories/Eloquent/ABMS/AbmUsuariosRepositorio.php
Parsing file:///home/lblanco/Proyectos/blog/app/Repositories/Eloquent/ABMS/AbmSociosRepositorio.php
Parsing file:///home/lblanco/Proyectos/blog/app/Repositories/Eloquent/ABMS/RepositorioAbm.php
Parsing file:///home/lblanco/Proyectos/blog/app/Repositories/Eloquent/ABMS/AbmRolesRepositorio.php
Parsing file:///home/lblanco/Proyectos/blog/app/Repositories/Eloquent/ABMS/AbmOrganismosRepositorio.php
Parsing file:///home/lblanco/Proyectos/blog/app/Repositories/Eloquent/ABMS/AbmProductosRepositorio.php
Parsing file:///home/lblanco/Proyectos/blog/app/Repositories/Eloquent/Filtros/CC_CuotasSocialesFilter.php
Parsing file:///home/lblanco/Proyectos/blog/app/Repositories/Eloquent/Filtros/Filtro.php
Parsing file:///home/lblanco/Proyectos/blog/app/Repositories/Eloquent/Filtros/Ventas/FechaInicioDesdeCuota.php
Parsing file:///home/lblanco/Proyectos/blog/app/Repositories/Eloquent/Filtros/Ventas/TieneCreditos.php
Parsing file:///home/lblanco/Proyectos/blog/app/Repositories/Eloquent/Filtros/Ventas/Proveedor.php
Parsing file:///home/lblanco/Proyectos/blog/app/Repositories/Eloquent/Filtros/Ventas/TieneProductos.php
Parsing file:///home/lblanco/Proyectos/blog/app/Repositories/Eloquent/Filtros/Ventas/FechaInicioHastaCuota.php
Parsing file:///home/lblanco/Proyectos/blog/app/Repositories/Eloquent/Filtros/Ventas/FechaVencimientoHastaCuota.php
Parsing file:///home/lblanco/Proyectos/blog/app/Repositories/Eloquent/Filtros/Ventas/Producto.php
Parsing file:///home/lblanco/Proyectos/blog/app/Repositories/Eloquent/Filtros/Ventas/FechaVencimientoDesdeCuota.php
Parsing file:///home/lblanco/Proyectos/blog/app/Repositories/Eloquent/Filtros/VentasFilter.php
Parsing file:///home/lblanco/Proyectos/blog/app/Repositories/Eloquent/Filtros/Proovedores/Nombre.php
Parsing file:///home/lblanco/Proyectos/blog/app/Repositories/Eloquent/Filtros/Proovedores/Situacion.php
Parsing file:///home/lblanco/Proyectos/blog/app/Repositories/Eloquent/Filtros/ProovedoresFilter.php
Parsing file:///home/lblanco/Proyectos/blog/app/Repositories/Eloquent/ConsultasMovimientos.php
Parsing file:///home/lblanco/Proyectos/blog/app/Repositories/Eloquent/Cobranza/Agrupacion/AgruparPorFecha.php
Parsing file:///home/lblanco/Proyectos/blog/app/Repositories/Eloquent/Cobranza/Agrupacion/AgruparPorOrdenDePrioridad.php
Parsing file:///home/lblanco/Proyectos/blog/app/Repositories/Eloquent/Cobranza/CobrarPorVenta.php
Parsing file:///home/lblanco/Proyectos/blog/app/Repositories/Eloquent/Cobranza/CobrarCuotasSociales.php
Parsing file:///home/lblanco/Proyectos/blog/app/Repositories/Eloquent/Cobranza/Prioridad/PrioridadPorFecha.php
Parsing file:///home/lblanco/Proyectos/blog/app/Repositories/Eloquent/Cobranza/Prioridad/PrioridadPorOrden.php
Parsing file:///home/lblanco/Proyectos/blog/app/Repositories/Eloquent/Cobranza/CobrarPorSocio.php
Parsing file:///home/lblanco/Proyectos/blog/app/Repositories/Eloquent/Comercializador.php
Parsing file:///home/lblanco/Proyectos/blog/app/Repositories/Eloquent/Filtros.php
Parsing file:///home/lblanco/Proyectos/blog/app/Repositories/Eloquent/ControlFechaContable.php
Parsing file:///home/lblanco/Proyectos/blog/app/Repositories/Eloquent/Ventas.php
Parsing file:///home/lblanco/Proyectos/blog/app/Repositories/Contracts/filtros.php
Parsing file:///home/lblanco/Proyectos/blog/app/Repositories/Contracts/abmInterface.php
Parsing file:///home/lblanco/Proyectos/blog/app/Providers/AuthServiceProvider.php
Parsing file:///home/lblanco/Proyectos/blog/app/Providers/EventServiceProvider.php
Parsing file:///home/lblanco/Proyectos/blog/app/Providers/BroadcastServiceProvider.php
Parsing file:///home/lblanco/Proyectos/blog/app/Providers/RouteServiceProvider.php
Parsing file:///home/lblanco/Proyectos/blog/app/Providers/AppServiceProvider.php
Parsing file:///home/lblanco/Proyectos/blog/app/ConfigImputaciones.php
Parsing file:///home/lblanco/Proyectos/blog/app/EstadoVenta.php
Parsing file:///home/lblanco/Proyectos/blog/app/Chequera.php
Parsing file:///home/lblanco/Proyectos/blog/app/Http/Middleware/TrimStrings.php
Parsing file:///home/lblanco/Proyectos/blog/app/Http/Middleware/RedirectIfAuthenticated.php
Parsing file:///home/lblanco/Proyectos/blog/app/Http/Middleware/EncryptCookies.php
Parsing file:///home/lblanco/Proyectos/blog/app/Http/Middleware/VerifyCsrfToken.php
Parsing file:///home/lblanco/Proyectos/blog/app/Http/Kernel.php
Parsing file:///home/lblanco/Proyectos/blog/app/Http/Controllers/PagoSolicitudesPendientesDeCobro.php
Parsing file:///home/lblanco/Proyectos/blog/app/Http/Controllers/ChequeraController.php
Parsing file:///home/lblanco/Proyectos/blog/app/Http/Controllers/ABM_Rubros.php
Parsing file:///home/lblanco/Proyectos/blog/app/Http/Controllers/ABM_Imputacion.php
Parsing file:///home/lblanco/Proyectos/blog/app/Http/Controllers/ABM_Departamento.php
Parsing file:///home/lblanco/Proyectos/blog/app/Http/Controllers/ComercializadorController.php
Parsing file:///home/lblanco/Proyectos/blog/app/Http/Controllers/CobranzaController.php
Parsing file:///home/lblanco/Proyectos/blog/app/Http/Controllers/ABM_asociados.php
Parsing file:///home/lblanco/Proyectos/blog/app/Http/Controllers/CajaController.php
Parsing file:///home/lblanco/Proyectos/blog/app/Http/Controllers/CobroCuotasSocialesController.php
Parsing file:///home/lblanco/Proyectos/blog/app/Http/Controllers/CobrarContablemente.php
Parsing file:///home/lblanco/Proyectos/blog/app/Http/Controllers/AprobacionServiciosController.php
Parsing file:///home/lblanco/Proyectos/blog/app/Http/Controllers/ABM_SubRubro.php
Parsing file:///home/lblanco/Proyectos/blog/app/Http/Controllers/PagoProovedoresController.php
Parsing file:///home/lblanco/Proyectos/blog/app/Http/Controllers/ABM_Moneda.php
Parsing file:///home/lblanco/Proyectos/blog/app/Http/Controllers/CajaOperacionesController.php
Parsing file:///home/lblanco/Proyectos/blog/app/Http/Controllers/AsientosController.php
Parsing file:///home/lblanco/Proyectos/blog/app/Http/Controllers/NovedadesController.php
Parsing file:///home/lblanco/Proyectos/blog/app/Http/Controllers/BalanceController.php
Parsing file:///home/lblanco/Proyectos/blog/app/Http/Controllers/CorrerVtoServiciosController.php
Parsing file:///home/lblanco/Proyectos/blog/app/Http/Controllers/Auth/ForgotPasswordController.php
Parsing file:///home/lblanco/Proyectos/blog/app/Http/Controllers/Auth/ResetPasswordController.php
Parsing file:///home/lblanco/Proyectos/blog/app/Http/Controllers/Auth/LoginController.php
Parsing file:///home/lblanco/Proyectos/blog/app/Http/Controllers/Auth/RegisterController.php
Parsing file:///home/lblanco/Proyectos/blog/app/Http/Controllers/BancoController.php
Parsing file:///home/lblanco/Proyectos/blog/app/Http/Controllers/CuentaCorrienteComercializador.php
Parsing file:///home/lblanco/Proyectos/blog/app/Http/Controllers/MayorContableController.php
Parsing file:///home/lblanco/Proyectos/blog/app/Http/Controllers/ABM_roles.php
Parsing file:///home/lblanco/Proyectos/blog/app/Http/Controllers/Login.php
Parsing file:///home/lblanco/Proyectos/blog/app/Http/Controllers/ABM_proovedores.php
Parsing file:///home/lblanco/Proyectos/blog/app/Http/Controllers/ABM_organismos.php
Parsing file:///home/lblanco/Proyectos/blog/app/Http/Controllers/CobrarController.php
Parsing file:///home/lblanco/Proyectos/blog/app/Http/Controllers/AgenteFinancieroController.php
Parsing file:///home/lblanco/Proyectos/blog/app/Http/Controllers/ABM_Capitulos.php
Parsing file:///home/lblanco/Proyectos/blog/app/Http/Controllers/PagoProveedorContable.php
Parsing file:///home/lblanco/Proyectos/blog/app/Http/Controllers/ABM_usuarios.php
Parsing file:///home/lblanco/Proyectos/blog/app/Http/Controllers/CC_CuotasSocialesController.php
Parsing file:///home/lblanco/Proyectos/blog/app/Http/Controllers/ProveedorCCController.php
Parsing file:///home/lblanco/Proyectos/blog/app/Http/Controllers/ABM_productos.php
Parsing file:///home/lblanco/Proyectos/blog/app/Http/Controllers/NotificacionController.php
Parsing file:///home/lblanco/Proyectos/blog/app/Http/Controllers/Controller.php
Parsing file:///home/lblanco/Proyectos/blog/app/Http/Controllers/SolicitudesPendientesDeCobro.php
Parsing file:///home/lblanco/Proyectos/blog/app/Http/Controllers/SolicitudesPendientesMutualController.php
Parsing file:///home/lblanco/Proyectos/blog/app/Http/Controllers/FechaContableController.php
Parsing file:///home/lblanco/Proyectos/blog/app/Http/Controllers/ABM_Operaciones.php
Parsing file:///home/lblanco/Proyectos/blog/app/Http/Controllers/VentasControlador.php
Parsing file:///home/lblanco/Proyectos/blog/app/Http/Controllers/Dar_Servicio.php
Parsing file:///home/lblanco/Proyectos/blog/app/Http/Controllers/ABM_prioridades.php
Parsing file:///home/lblanco/Proyectos/blog/app/Http/Controllers/ABM_Comercializador.php
Parsing file:///home/lblanco/Proyectos/blog/app/Http/Requests/ValidacionABMusuarios.php
Parsing file:///home/lblanco/Proyectos/blog/app/Http/Requests/ValidacionCapitulo.php
Parsing file:///home/lblanco/Proyectos/blog/app/Http/Requests/ValidacionABMproovedores.php
Parsing file:///home/lblanco/Proyectos/blog/app/Http/Requests/ValidacionABMorganismos.php
Parsing file:///home/lblanco/Proyectos/blog/app/Http/Requests/ValidacionImputacion.php
Parsing file:///home/lblanco/Proyectos/blog/app/Http/Requests/ValidacionRubro.php
Parsing file:///home/lblanco/Proyectos/blog/app/Http/Requests/ValidacionDepartamento.php
Parsing file:///home/lblanco/Proyectos/blog/app/Http/Requests/ValidacionSubRubro.php
Parsing file:///home/lblanco/Proyectos/blog/app/Http/Requests/ValidacionABMProductos.php
Parsing file:///home/lblanco/Proyectos/blog/app/Http/Requests/ValidacionMoneda.php
Parsing file:///home/lblanco/Proyectos/blog/app/Http/Requests/ValidacionAsiento.php
Parsing file:///home/lblanco/Proyectos/blog/app/Http/Requests/ValidacionBanco.php
Parsing file:///home/lblanco/Proyectos/blog/app/Http/Requests/ValidacionABMcomercializador.php
Parsing file:///home/lblanco/Proyectos/blog/app/Http/Requests/ValidacionABMsocios.php
Parsing file:///home/lblanco/Proyectos/blog/app/Cuotas.php
Parsing file:///home/lblanco/Proyectos/blog/app/Console/Kernel.php
Parsing file:///home/lblanco/Proyectos/blog/app/Console/Commands/GenerateRepository.php
Parsing file:///home/lblanco/Proyectos/blog/app/Console/Commands/GenerateMapper.php
Parsing file:///home/lblanco/Proyectos/blog/app/Console/Commands/GenerateGateway.php
Parsing file:///home/lblanco/Proyectos/blog/app/Console/Commands/GeneracionCuotaSocial.php
Parsing file:///home/lblanco/Proyectos/blog/app/SubRubro.php
Parsing file:///home/lblanco/Proyectos/blog/app/Imputacion.php
Parsing file:///home/lblanco/Proyectos/blog/app/Events/SolicitudEnProceso.php
Parsing file:///home/lblanco/Proyectos/blog/app/Events/Event.php
Parsing file:///home/lblanco/Proyectos/blog/app/Solicitud.php
Parsing file:///home/lblanco/Proyectos/blog/app/Proovedores.php
Parsing file:///home/lblanco/Proyectos/blog/app/Ejercicio.php
Parsing file:///home/lblanco/Proyectos/blog/app/Pantallas.php
Parsing file:///home/lblanco/Proyectos/blog/app/SaldosCuentas.php
Parsing file:///home/lblanco/Proyectos/blog/app/Organismos.php
Parsing file:///home/lblanco/Proyectos/blog/app/Notifications/SolicitudRechazada.php
Parsing file:///home/lblanco/Proyectos/blog/app/Notifications/SolicitudCapitalOtorgado.php
Parsing file:///home/lblanco/Proyectos/blog/app/Notifications/SolicitudEnProceso.php
Parsing file:///home/lblanco/Proyectos/blog/app/Notifications/SolicitudPropuesta.php
Parsing file:///home/lblanco/Proyectos/blog/app/Notifications/SolicitudCapitalReservado.php
Parsing file:///home/lblanco/Proyectos/blog/app/Notifications/SolicitudAceptada.php
Parsing file:///home/lblanco/Proyectos/blog/app/Notifications/SolicitudContraPropuestada.php
Parsing file:///home/lblanco/Proyectos/blog/app/Notifications/SolicitudAsignada.php
Parsing file:///home/lblanco/Proyectos/blog/app/Notifications/SolicitudFormularioEnviado.php
Parsing file:///home/lblanco/Proyectos/blog/app/Notifications/SolicitudAprobada.php
Parsing file:///home/lblanco/Proyectos/blog/app/Banco.php
Parsing file:///home/lblanco/Proyectos/blog/app/Asiento.php
Parsing file:///home/lblanco/Proyectos/blog/app/PorcentajeColocacion.php
Parsing file:///home/lblanco/Proyectos/blog/app/Movimientos.php
Parsing file:///home/lblanco/Proyectos/blog/app/Socios.php
Parsing file:///home/lblanco/Proyectos/blog/app/Prioridades.php
Parsing file:///home/lblanco/Proyectos/blog/app/CajaOperaciones.php
Parsing file:///home/lblanco/Proyectos/blog/app/Comercializador.php
Parsing file:///home/lblanco/Proyectos/blog/app/Exceptions/UsuarioOPasswordErroneosException.php
Parsing file:///home/lblanco/Proyectos/blog/app/Exceptions/FechaContableElejidaEnEjercicioCerradoException.php
Parsing file:///home/lblanco/Proyectos/blog/app/Exceptions/Handler.php
Parsing file:///home/lblanco/Proyectos/blog/app/Exceptions/MasPlataCobradaQueElTotalException.php
Parsing file:///home/lblanco/Proyectos/blog/app/Exceptions/LaFechaContablaYaEstaCerradaException.php
Parsing file:///home/lblanco/Proyectos/blog/app/Exceptions/EjercicioCerradoException.php
Parsing file:///home/lblanco/Proyectos/blog/app/Exceptions/NoSePuedeModificarElUsuarioException.php
Parsing file:///home/lblanco/Proyectos/blog/app/Exceptions/NotFoundException.php
Parsing file:///home/lblanco/Proyectos/blog/app/Exceptions/MiExceptionClass.php
Parsing file:///home/lblanco/Proyectos/blog/app/ControlFechaContable.php
Parsing file:///home/lblanco/Proyectos/blog/app/Ventas.php
Parsing file:///home/lblanco/Proyectos/blog/public/index.php
[Info  - 18:03:13] Indexing project for dynamic references
Parsing file:///home/lblanco/Proyectos/blog/bootstrap/autoload.php
Parsing file:///home/lblanco/Proyectos/blog/bootstrap/cache/services.php
Parsing file:///home/lblanco/Proyectos/blog/bootstrap/app.php
Parsing file:///home/lblanco/Proyectos/blog/resources/lang/en/passwords.php
Parsing file:///home/lblanco/Proyectos/blog/resources/lang/en/pagination.php
Parsing file:///home/lblanco/Proyectos/blog/resources/lang/en/validation.php
Parsing file:///home/lblanco/Proyectos/blog/resources/lang/en/auth.php
Parsing file:///home/lblanco/Proyectos/blog/resources/views/solicitudes_pendientes_mutual.blade.php
Parsing file:///home/lblanco/Proyectos/blog/resources/views/pagoSolicitudesPendientesDeCobro.blade.php
Parsing file:///home/lblanco/Proyectos/blog/resources/views/ABM_productos.blade.php
Parsing file:///home/lblanco/Proyectos/blog/resources/views/welcome.blade.php
Parsing file:///home/lblanco/Proyectos/blog/resources/views/prueba.blade.php
Parsing file:///home/lblanco/Proyectos/blog/resources/views/CuentasCorrientes.blade.php
Parsing file:///home/lblanco/Proyectos/blog/resources/views/cobro_cuotas_sociales.blade.php
Parsing file:///home/lblanco/Proyectos/blog/resources/views/ABM_bancos.blade.php
Parsing file:///home/lblanco/Proyectos/blog/resources/views/mayor_contable.blade.php
Parsing file:///home/lblanco/Proyectos/blog/resources/views/ABM_proovedores.blade.php
Parsing file:///home/lblanco/Proyectos/blog/resources/views/caja.blade.php
Parsing file:///home/lblanco/Proyectos/blog/resources/views/ABM_socios.blade.php
Parsing file:///home/lblanco/Proyectos/blog/resources/views/novedades.blade.php
Parsing file:///home/lblanco/Proyectos/blog/resources/views/asientosManuales.blade.php
Parsing file:///home/lblanco/Proyectos/blog/resources/views/ABM_roles.blade.php
Parsing file:///home/lblanco/Proyectos/blog/resources/views/ABM_organismos.blade.php
Parsing file:///home/lblanco/Proyectos/blog/resources/views/cuentaCorrienteComercializador.blade.php
Parsing file:///home/lblanco/Proyectos/blog/resources/views/comercializado.blade.php
Parsing file:///home/lblanco/Proyectos/blog/resources/views/ABM_capitulos.blade.php
Parsing file:///home/lblanco/Proyectos/blog/resources/views/pago_proovedores.blade.php
Parsing file:///home/lblanco/Proyectos/blog/resources/views/ABM_operaciones.blade.php
Parsing file:///home/lblanco/Proyectos/blog/resources/views/cc_cuotasSociales.blade.php
Parsing file:///home/lblanco/Proyectos/blog/resources/views/pago_contable_proveedor.blade.php
Parsing file:///home/lblanco/Proyectos/blog/resources/views/aprobacion_servicios.blade.php
Parsing file:///home/lblanco/Proyectos/blog/resources/views/cobrar.blade.php
Parsing file:///home/lblanco/Proyectos/blog/resources/views/cobrar_contablemente.blade.php
Parsing file:///home/lblanco/Proyectos/blog/resources/views/Dar_servicio.blade.php
Parsing file:///home/lblanco/Proyectos/blog/resources/views/cobranza.blade.php
Parsing file:///home/lblanco/Proyectos/blog/resources/views/comercializador.blade.php
Parsing file:///home/lblanco/Proyectos/blog/resources/views/ABM_comercializadores.blade.php
Parsing file:///home/lblanco/Proyectos/blog/resources/views/ABM_prioridades.blade.php
Parsing file:///home/lblanco/Proyectos/blog/resources/views/landing.blade.php
Parsing file:///home/lblanco/Proyectos/blog/resources/views/solicitudesPendientesDeCobro.blade.php
Parsing file:///home/lblanco/Proyectos/blog/resources/views/correr_vto_servicios.blade.php
Parsing file:///home/lblanco/Proyectos/blog/resources/views/balance.blade.php
Parsing file:///home/lblanco/Proyectos/blog/resources/views/proveedor_cc.blade.php
Parsing file:///home/lblanco/Proyectos/blog/resources/views/caja_operaciones.blade.php
Parsing file:///home/lblanco/Proyectos/blog/resources/views/login.blade.php
Parsing file:///home/lblanco/Proyectos/blog/resources/views/agente_financiero.blade.php
Parsing file:///home/lblanco/Proyectos/blog/resources/views/ABM_usuarios.blade.php
Parsing file:///home/lblanco/Proyectos/blog/composer-setup.php
[Info  - 18:03:13] Ignoring file file:///home/lblanco/Proyectos/blog/composer-setup.php because it exceeds size limit of 150000 bytes (305459)
Parsing file:///home/lblanco/Proyectos/blog/routes/channels.php
Parsing file:///home/lblanco/Proyectos/blog/routes/web.php
Parsing file:///home/lblanco/Proyectos/blog/routes/api.php
Parsing file:///home/lblanco/Proyectos/blog/routes/console.php
Parsing file:///home/lblanco/Proyectos/blog/tests/Unit/CobroCuotasSocialesTest.php
Parsing file:///home/lblanco/Proyectos/blog/tests/Unit/AprobarServicioTest.php
Parsing file:///home/lblanco/Proyectos/blog/tests/Unit/CorrerVtoTest.php
Parsing file:///home/lblanco/Proyectos/blog/tests/Unit/ABM_asociadosTest.php
Parsing file:///home/lblanco/Proyectos/blog/tests/Unit/DarServicioTest.php
Parsing file:///home/lblanco/Proyectos/blog/tests/Unit/ABM_CapitulosTest.php
Parsing file:///home/lblanco/Proyectos/blog/tests/Unit/ABM_OperacionesTest.php
Parsing file:///home/lblanco/Proyectos/blog/tests/Unit/SolicitudesEsperandoMutualTest.php
Parsing file:///home/lblanco/Proyectos/blog/tests/Unit/ABM_ComercializadorTest.php
Parsing file:///home/lblanco/Proyectos/blog/tests/Unit/CobrarPorSocioTest.php
Parsing file:///home/lblanco/Proyectos/blog/tests/Unit/ABM_OrganismosTest.php
Parsing file:///home/lblanco/Proyectos/blog/tests/Unit/ComercializadorTest.php
Parsing file:///home/lblanco/Proyectos/blog/tests/Unit/CobrarPorVentaTest.php
Parsing file:///home/lblanco/Proyectos/blog/tests/Unit/AgenteFinancieroSolicitudesTest.php
Parsing file:///home/lblanco/Proyectos/blog/tests/CreatesApplication.php
Parsing file:///home/lblanco/Proyectos/blog/tests/Feature/ExampleTest.php
Parsing file:///home/lblanco/Proyectos/blog/tests/TestCase.php
Parsing file:///home/lblanco/Proyectos/blog/vendor/autoload.php
Parsing file:///home/lblanco/Proyectos/blog/vendor/composer/autoload_real.php
Parsing file:///home/lblanco/Proyectos/blog/vendor/composer/autoload_classmap.php
[Info  - 18:03:13] Ignoring file file:///home/lblanco/Proyectos/blog/vendor/composer/autoload_classmap.php because it exceeds size limit of 150000 bytes (437381)
Parsing file:///home/lblanco/Proyectos/blog/vendor/composer/autoload_files.php
Parsing file:///home/lblanco/Proyectos/blog/vendor/composer/autoload_psr4.php
Parsing file:///home/lblanco/Proyectos/blog/vendor/composer/autoload_namespaces.php
Parsing file:///home/lblanco/Proyectos/blog/vendor/composer/ClassLoader.php
Parsing file:///home/lblanco/Proyectos/blog/vendor/composer/autoload_static.php
[Info  - 18:03:13] Ignoring file file:///home/lblanco/Proyectos/blog/vendor/composer/autoload_static.php because it exceeds size limit of 150000 bytes (481426)
Parsing file:///home/lblanco/Proyectos/blog/database/migrations/2017_07_31_201236_create_solicitudes_sin_inversionistas_table.php
Parsing file:///home/lblanco/Proyectos/blog/database/migrations/2017_10_19_223650_create_asientos_table.php
Parsing file:///home/lblanco/Proyectos/blog/database/migrations/2017_11_27_144452_create_caja_operaciones_table.php
Parsing file:///home/lblanco/Proyectos/blog/database/migrations/2017_03_04_046515_create_cuotas_table.php
Parsing file:///home/lblanco/Proyectos/blog/database/migrations/2017_02_19_225125_create_pantallas_table.php
Parsing file:///home/lblanco/Proyectos/blog/database/migrations/2017_09_25_151156_create_departamentos_table.php
Parsing file:///home/lblanco/Proyectos/blog/database/migrations/2017_10_17_215430_create_categoria_cuota_socials_table.php
Parsing file:///home/lblanco/Proyectos/blog/database/migrations/2017_07_28_150858_create_solicituds_table.php
Parsing file:///home/lblanco/Proyectos/blog/database/migrations/2017_10_17_215358_create_porcentaje_colocacions_table.php
Parsing file:///home/lblanco/Proyectos/blog/database/migrations/2017_11_27_133116_operacion_imputacion.php
Parsing file:///home/lblanco/Proyectos/blog/database/migrations/2017_11_02_150501_create_saldos_cuentas_table.php
Parsing file:///home/lblanco/Proyectos/blog/database/migrations/2017_09_18_175000_create_notifications_table.php
Parsing file:///home/lblanco/Proyectos/blog/database/migrations/2017_07_28_171452_create_comercializadors_table.php
Parsing file:///home/lblanco/Proyectos/blog/database/migrations/2017_10_31_173733_create_control_fecha_contables_table.php
Parsing file:///home/lblanco/Proyectos/blog/database/migrations/2017_11_20_141721_create_config_imputaciones_table.php
Parsing file:///home/lblanco/Proyectos/blog/database/migrations/2017_03_04_030112_create_productos_table.php
Parsing file:///home/lblanco/Proyectos/blog/database/migrations/2017_03_04_045316_create_ventas_table.php
Parsing file:///home/lblanco/Proyectos/blog/database/migrations/2017_04_07_174005_movimientos.php
Parsing file:///home/lblanco/Proyectos/blog/database/migrations/2017_09_25_151212_create_imputacions_table.php
Parsing file:///home/lblanco/Proyectos/blog/database/migrations/2017_11_27_132850_operacion.php
Parsing file:///home/lblanco/Proyectos/blog/database/migrations/2017_01_20_190905_create_a_b_m_organismos_table.php
Parsing file:///home/lblanco/Proyectos/blog/database/migrations/2017_09_25_151144_create_rubros_table.php
Parsing file:///home/lblanco/Proyectos/blog/database/migrations/2017_01_20_200525_create_prioridades_table.php
Parsing file:///home/lblanco/Proyectos/blog/database/migrations/2017_01_25_235406_create_socios_table.php
Parsing file:///home/lblanco/Proyectos/blog/database/migrations/2017_09_25_151150_create_monedas_table.php
Parsing file:///home/lblanco/Proyectos/blog/database/migrations/2017_10_30_140300_create_banco_repos_table.php
Parsing file:///home/lblanco/Proyectos/blog/database/migrations/2017_11_19_021815_create_proveedor_imputacion_deudores_table.php
Parsing file:///home/lblanco/Proyectos/blog/database/migrations/2017_11_26_154811_chequeras.php
Parsing file:///home/lblanco/Proyectos/blog/database/migrations/2017_10_18_212344_create_ejercicios_table.php
Parsing file:///home/lblanco/Proyectos/blog/database/migrations/2017_09_25_151051_create_capitulos_table.php
Parsing file:///home/lblanco/Proyectos/blog/database/migrations/2014_07_02_230147_migration_cartalyst_sentinel.php
Parsing file:///home/lblanco/Proyectos/blog/database/migrations/2017_01_20_210151_create_proovedores_table.php
Parsing file:///home/lblanco/Proyectos/blog/database/migrations/2017_06_01_195222_create_estado_ventas_table.php.php
Parsing file:///home/lblanco/Proyectos/blog/database/migrations/2017_09_25_151205_create_sub_rubros_table.php
Parsing file:///home/lblanco/Proyectos/blog/database/seeds/OrganismosTablaSeeder.php
Parsing file:///home/lblanco/Proyectos/blog/database/seeds/ComercializadorSeed.php
Parsing file:///home/lblanco/Proyectos/blog/database/seeds/InicioSistema.php
Parsing file:///home/lblanco/Proyectos/blog/database/seeds/PruebaVelocidad.php
Parsing file:///home/lblanco/Proyectos/blog/database/seeds/PantallasSeed.php
Parsing file:///home/lblanco/Proyectos/blog/database/seeds/PrioridadesSeed.php
Parsing file:///home/lblanco/Proyectos/blog/database/seeds/InicioSistemaSoloAbms.php
Parsing file:///home/lblanco/Proyectos/blog/database/seeds/SociosTablaSeeder.php
Parsing file:///home/lblanco/Proyectos/blog/database/seeds/CuotasSocialesSeeder.php
Parsing file:///home/lblanco/Proyectos/blog/database/seeds/ProductosTablaSeeder.php
Parsing file:///home/lblanco/Proyectos/blog/database/seeds/VentasTablaSeeder.php
Parsing file:///home/lblanco/Proyectos/blog/database/seeds/InicioSistemaCompleto.php
Parsing file:///home/lblanco/Proyectos/blog/database/seeds/SocioConVentaVencidaTest.php
Parsing file:///home/lblanco/Proyectos/blog/database/seeds/UserSeed.php
Parsing file:///home/lblanco/Proyectos/blog/database/seeds/DatabaseSeeder.php
Parsing file:///home/lblanco/Proyectos/blog/database/seeds/ProovedoresTablaSeeder.php
Parsing file:///home/lblanco/Proyectos/blog/database/seeds/SocioConCuotasSocialesVencidas.php
Parsing file:///home/lblanco/Proyectos/blog/database/factories/ProductoFactory.php
Parsing file:///home/lblanco/Proyectos/blog/database/factories/PrioridadFactory.php
Parsing file:///home/lblanco/Proyectos/blog/database/factories/CapituloFactory.php
Parsing file:///home/lblanco/Proyectos/blog/database/factories/DepartamentoFactory.php
Parsing file:///home/lblanco/Proyectos/blog/database/factories/EjercicioFactory.php
Parsing file:///home/lblanco/Proyectos/blog/database/factories/CuentaSaldoFactory.php
Parsing file:///home/lblanco/Proyectos/blog/database/factories/VentaFactory.php
Parsing file:///home/lblanco/Proyectos/blog/database/factories/SolicitudFactory.php
Parsing file:///home/lblanco/Proyectos/blog/database/factories/SubRubroFactory.php
Parsing file:///home/lblanco/Proyectos/blog/database/factories/OrganismoFactory.php
Parsing file:///home/lblanco/Proyectos/blog/database/factories/AsientoFactory.php
Parsing file:///home/lblanco/Proyectos/blog/database/factories/ImputacionFactory.php
Parsing file:///home/lblanco/Proyectos/blog/database/factories/ModelFactory.php
Parsing file:///home/lblanco/Proyectos/blog/database/factories/RubroFactory.php
Parsing file:///home/lblanco/Proyectos/blog/database/factories/ProveedorFactory.php
Parsing file:///home/lblanco/Proyectos/blog/database/factories/SociosFactory.php
Parsing file:///home/lblanco/Proyectos/blog/database/factories/CuotaFactory.php
Parsing file:///home/lblanco/Proyectos/blog/database/factories/MonedaFactory.php
Parsing file:///home/lblanco/Proyectos/blog/database/factories/OperacionFactory.php
Parsing file:///home/lblanco/Proyectos/blog/config/filesystems.php
Parsing file:///home/lblanco/Proyectos/blog/config/cache.php
Parsing file:///home/lblanco/Proyectos/blog/config/errors.php
Parsing file:///home/lblanco/Proyectos/blog/config/mail.php
Parsing file:///home/lblanco/Proyectos/blog/config/session.php
Parsing file:///home/lblanco/Proyectos/blog/config/broadcasting.php
Parsing file:///home/lblanco/Proyectos/blog/config/queue.php
Parsing file:///home/lblanco/Proyectos/blog/config/cartalyst.sentinel.php
Parsing file:///home/lblanco/Proyectos/blog/config/services.php
Parsing file:///home/lblanco/Proyectos/blog/config/database.php
Parsing file:///home/lblanco/Proyectos/blog/config/view.php
Parsing file:///home/lblanco/Proyectos/blog/config/app.php
Parsing file:///home/lblanco/Proyectos/blog/config/auth.php
Parsing file:///home/lblanco/Proyectos/blog/storage/framework/views/38b3b0cff18b6835d4c0bc8137cc6b38a7d8f4b1.php
Parsing file:///home/lblanco/Proyectos/blog/storage/framework/views/faa5d44e030bc261c6b427c34586e0accc3bc08b.php
Parsing file:///home/lblanco/Proyectos/blog/storage/framework/views/ab944678abaa84cfedcb2638f834362f7c6551d9.php
Parsing file:///home/lblanco/Proyectos/blog/storage/framework/views/e320dc0116b3456fb5d2392dfbc457dc29316235.php
Parsing file:///home/lblanco/Proyectos/blog/storage/framework/views/aa6f889a28df1c93a59bf4fe98fce3df9dd01e92.php
Parsing file:///home/lblanco/Proyectos/blog/storage/framework/views/741b0ea27f74914f10551af077fecc047fc73488.php
Parsing file:///home/lblanco/Proyectos/blog/storage/framework/views/77e63f99a66195f29b2527df3a0194559c0418a3.php
Parsing file:///home/lblanco/Proyectos/blog/storage/framework/views/a4764c5f5b323c244235b5b635db676e8d9aba03.php
Parsing file:///home/lblanco/Proyectos/blog/storage/framework/views/3cc989e486e3a28b02629d49b1210388c41f1cc7.php
Parsing file:///home/lblanco/Proyectos/blog/storage/framework/views/56ad48f3eb619db81625fa5842fe3da8a78816d3.php
Parsing file:///home/lblanco/Proyectos/blog/storage/framework/views/cf3cdb8c494ad72008611d448999d332f9827ff7.php
Parsing file:///home/lblanco/Proyectos/blog/storage/framework/views/1af1bcd1847ad51bcc37a788309a0c6a94f1acee.php
Parsing file:///home/lblanco/Proyectos/blog/storage/framework/views/f1d9f2feca29b525a5c97ad1cbc952965d19373c.php
Parsing file:///home/lblanco/Proyectos/blog/storage/framework/views/31c42749113de1a4789933009c02aa9a5c368871.php
Parsing file:///home/lblanco/Proyectos/blog/storage/framework/views/1c269ae3e4b3442c1475a2997d80a6c54e0ad878.php
Parsing file:///home/lblanco/Proyectos/blog/storage/framework/views/6a6382ec8576571dc8be79d3d491db4da0053a1c.php
Parsing file:///home/lblanco/Proyectos/blog/storage/framework/views/3b2bf7f6962871fd04fae4703f2b4a5e27fb2a57.php
Parsing file:///home/lblanco/Proyectos/blog/storage/framework/views/44c5cad0021012288cfbca9e8f1da9feaf0ca501.php
Parsing file:///home/lblanco/Proyectos/blog/storage/framework/views/96ebcc43b04118e8f843b303166d230494c2266d.php
Parsing file:///home/lblanco/Proyectos/blog/storage/framework/views/ee7546b547d87af62399ebd8d49c3698a4e77d87.php
Parsing file:///home/lblanco/Proyectos/blog/storage/framework/views/23ce48b121b5cea77c63044b9ec471926fd6272e.php
Parsing file:///home/lblanco/Proyectos/blog/storage/framework/views/a45f5bef87b82b021ce2034535a6b46898dad721.php
Parsing file:///home/lblanco/Proyectos/blog/storage/framework/views/bf41660db2e9687607d022111da4be6396964d1d.php
Parsing file:///home/lblanco/Proyectos/blog/storage/framework/views/02c06d24c751f9857b3db095b28c0eb0e7562de4.php
Parsing file:///home/lblanco/Proyectos/blog/storage/framework/views/fccb2cde11098c812ea6abdf14f292395ec2ef7a.php
Parsing file:///home/lblanco/Proyectos/blog/storage/framework/views/778479caeb2ed024fbcbbbbe699f9a8e9af1a6ed.php
Parsing file:///home/lblanco/Proyectos/blog/storage/framework/views/a1a8f082eba4b2ae1ed2a4f92daea35dbdf0caf9.php
Parsing file:///home/lblanco/Proyectos/blog/storage/framework/views/d60f6be0b57fed9b50ab7878ffcbaab2814dbcf2.php
Parsing file:///home/lblanco/Proyectos/blog/storage/framework/views/f94611a95a19687c4b2adaded702bed3897b3644.php
Parsing file:///home/lblanco/Proyectos/blog/storage/framework/views/1f81c14b9479c0f1ca8fe9d53a6b94dc476c6a90.php
Parsing file:///home/lblanco/Proyectos/blog/storage/framework/views/b0b4f4bf34b11e1b40fa0b2ea21ba8850eb3fb4c.php
Parsing file:///home/lblanco/Proyectos/blog/storage/framework/views/d7a6225121a7b167c5463d7ee71516ff5ad0118d.php
Parsing file:///home/lblanco/Proyectos/blog/storage/framework/views/9a6617d056f06154a49d1ca54f1272e57bb941dd.php
Parsing file:///home/lblanco/Proyectos/blog/storage/framework/views/b0c256b164580fccd569d53ad1d0a8299b303005.php
Parsing file:///home/lblanco/Proyectos/blog/storage/framework/views/237d2c0386db57897145c45c9e2648f257940646.php
Parsing file:///home/lblanco/Proyectos/blog/storage/framework/views/1cb317b8835d90ad9b3278d086a49db882fda625.php
Parsing file:///home/lblanco/Proyectos/blog/storage/framework/views/589cbdd7603280f49d7275558a3970194b958cfc.php
Parsing file:///home/lblanco/Proyectos/blog/storage/framework/views/afae14f3043894bc128875a03acb370edb8bbc04.php
Parsing file:///home/lblanco/Proyectos/blog/storage/framework/views/dbd81fab45a473ce8224ace59e60f6e0b75103bd.php
Parsing file:///home/lblanco/Proyectos/blog/storage/framework/views/da17115f8497a69fe0bad40d73ba56f23968f70f.php
Parsing file:///home/lblanco/Proyectos/blog/storage/framework/views/10d1d3c4130f2a37abc239a4790395eb765d4c39.php
Parsing file:///home/lblanco/Proyectos/blog/storage/framework/views/87bc2b95edb0e7fb7b94e88187d62004fbc31930.php
Parsing file:///home/lblanco/Proyectos/blog/Xdebug/xdebug-2.6.0beta1/run-tests.php
Parsing file:///home/lblanco/Proyectos/blog/Xdebug/xdebug-2.6.0beta1/contrib/tracefile-analyser.php
Parsing file:///home/lblanco/Proyectos/blog/server.php
Parsing file:///home/lblanco/Proyectos/blog/app/Productos.php
Parsing file:///home/lblanco/Proyectos/blog/app/Moneda.php
Parsing file:///home/lblanco/Proyectos/blog/app/Capitulo.php
Parsing file:///home/lblanco/Proyectos/blog/app/AgenteFinanciero.php
Parsing file:///home/lblanco/Proyectos/blog/app/User.php
Parsing file:///home/lblanco/Proyectos/blog/app/Operacion.php
Parsing file:///home/lblanco/Proyectos/blog/app/Listeners/EnviarNotificacionDeSolicitudEnProceso.php
Parsing file:///home/lblanco/Proyectos/blog/app/Listeners/EventListener.php
Parsing file:///home/lblanco/Proyectos/blog/app/ProveedorImputacionDeudores.php
Parsing file:///home/lblanco/Proyectos/blog/app/SolicitudesSinInversionista.php
Parsing file:///home/lblanco/Proyectos/blog/app/Departamento.php
Parsing file:///home/lblanco/Proyectos/blog/app/Traits/FechasManager.php
Parsing file:///home/lblanco/Proyectos/blog/app/Traits/Conversion.php
Parsing file:///home/lblanco/Proyectos/blog/app/Rubro.php
Parsing file:///home/lblanco/Proyectos/blog/app/CategoriaCuotaSocial.php
Parsing file:///home/lblanco/Proyectos/blog/app/Repositories/Eloquent/AgenteFinanciero.php
Parsing file:///home/lblanco/Proyectos/blog/app/Repositories/Eloquent/Socio.php
Parsing file:///home/lblanco/Proyectos/blog/app/Repositories/Eloquent/Generadores/GeneradorVenta.php
Parsing file:///home/lblanco/Proyectos/blog/app/Repositories/Eloquent/Generadores/GeneradorCuotas.php
Parsing file:///home/lblanco/Proyectos/blog/app/Repositories/Eloquent/Generadores/GeneradorNumeroCredito.php
Parsing file:///home/lblanco/Proyectos/blog/app/Repositories/Eloquent/Movimiento.php
Parsing file:///home/lblanco/Proyectos/blog/app/Repositories/Eloquent/Organismo.php
Parsing file:///home/lblanco/Proyectos/blog/app/Repositories/Eloquent/Cuota.php
Parsing file:///home/lblanco/Proyectos/blog/app/Repositories/Eloquent/CalcularSaldos.php
Parsing file:///home/lblanco/Proyectos/blog/app/Repositories/Eloquent/Repos/Moneda.php
Parsing file:///home/lblanco/Proyectos/blog/app/Repositories/Eloquent/Repos/Capitulo.php
Parsing file:///home/lblanco/Proyectos/blog/app/Repositories/Eloquent/Repos/OrganismosRepo.php
Parsing file:///home/lblanco/Proyectos/blog/app/Repositories/Eloquent/Repos/EstadoVentaRepo.php
Parsing file:///home/lblanco/Proyectos/blog/app/Repositories/Eloquent/Repos/Gateway/CapituloGateway.php
Parsing file:///home/lblanco/Proyectos/blog/app/Repositories/Eloquent/Repos/Gateway/MovimientosGateway.php
Parsing file:///home/lblanco/Proyectos/blog/app/Repositories/Eloquent/Repos/Gateway/VentasGateway.php
Parsing file:///home/lblanco/Proyectos/blog/app/Repositories/Eloquent/Repos/Gateway/OrganismosGateway.php
Parsing file:///home/lblanco/Proyectos/blog/app/Repositories/Eloquent/Repos/Gateway/BancoGateway.php
Parsing file:///home/lblanco/Proyectos/blog/app/Repositories/Eloquent/Repos/Gateway/Gateway.php
Parsing file:///home/lblanco/Proyectos/blog/app/Repositories/Eloquent/Repos/Gateway/MonedaGateway.php
Parsing file:///home/lblanco/Proyectos/blog/app/Repositories/Eloquent/Repos/Gateway/ImputacionGateway.php
Parsing file:///home/lblanco/Proyectos/blog/app/Repositories/Eloquent/Repos/Gateway/DepartamentoGateway.php
Parsing file:///home/lblanco/Proyectos/blog/app/Repositories/Eloquent/Repos/Gateway/EstadoVentaGateway.php
Parsing file:///home/lblanco/Proyectos/blog/app/Repositories/Eloquent/Repos/Gateway/SolicitudesSinInversionistaGateway.php
Parsing file:///home/lblanco/Proyectos/blog/app/Repositories/Eloquent/Repos/Gateway/PrioridadGateway.php
Parsing file:///home/lblanco/Proyectos/blog/app/Repositories/Eloquent/Repos/Gateway/SubRubroGateway.php
Parsing file:///home/lblanco/Proyectos/blog/app/Repositories/Eloquent/Repos/Gateway/SolicitudGateway.php
Parsing file:///home/lblanco/Proyectos/blog/app/Repositories/Eloquent/Repos/Gateway/ProductosGateway.php
Parsing file:///home/lblanco/Proyectos/blog/app/Repositories/Eloquent/Repos/Gateway/ComercializadorGateway.php
Parsing file:///home/lblanco/Proyectos/blog/app/Repositories/Eloquent/Repos/Gateway/AsientosGateway.php
Parsing file:///home/lblanco/Proyectos/blog/app/Repositories/Eloquent/Repos/Gateway/CuotasGateway.php
Parsing file:///home/lblanco/Proyectos/blog/app/Repositories/Eloquent/Repos/Gateway/RubroGateway.php
Parsing file:///home/lblanco/Proyectos/blog/app/Repositories/Eloquent/Repos/Gateway/SociosGateway.php
Parsing file:///home/lblanco/Proyectos/blog/app/Repositories/Eloquent/Repos/Gateway/AgenteFinancieroGateway.php
Parsing file:///home/lblanco/Proyectos/blog/app/Repositories/Eloquent/Repos/Gateway/ProveedoresGateway.php
Parsing file:///home/lblanco/Proyectos/blog/app/Repositories/Eloquent/Repos/Departamento.php
Parsing file:///home/lblanco/Proyectos/blog/app/Repositories/Eloquent/Repos/Rubro.php
Parsing file:///home/lblanco/Proyectos/blog/app/Repositories/Eloquent/Repos/MovimientosRepo.php
Parsing file:///home/lblanco/Proyectos/blog/app/Repositories/Eloquent/Repos/Repositorio.php
Parsing file:///home/lblanco/Proyectos/blog/app/Repositories/Eloquent/Repos/SubRubro.php
Parsing file:///home/lblanco/Proyectos/blog/app/Repositories/Eloquent/Repos/ComercializadorRepo.php
Parsing file:///home/lblanco/Proyectos/blog/app/Repositories/Eloquent/Repos/Imputacion.php
Parsing file:///home/lblanco/Proyectos/blog/app/Repositories/Eloquent/Repos/VentasRepo.php
Parsing file:///home/lblanco/Proyectos/blog/app/Repositories/Eloquent/Repos/CuotasRepo.php
Parsing file:///home/lblanco/Proyectos/blog/app/Repositories/Eloquent/Repos/SolicitudRepo.php
Parsing file:///home/lblanco/Proyectos/blog/app/Repositories/Eloquent/Repos/AgenteFinancieroRepo.php
Parsing file:///home/lblanco/Proyectos/blog/app/Repositories/Eloquent/Repos/SolicitudesSinInversionistaRepo.php
Parsing file:///home/lblanco/Proyectos/blog/app/Repositories/Eloquent/Repos/ProveedoresRepo.php
Parsing file:///home/lblanco/Proyectos/blog/app/Repositories/Eloquent/Repos/Mapper/MovimientoMapper.php
Parsing file:///home/lblanco/Proyectos/blog/app/Repositories/Eloquent/Repos/Mapper/OrganismosMapper.php
Parsing file:///home/lblanco/Proyectos/blog/app/Repositories/Eloquent/Repos/Mapper/MonedaMapper.php
Parsing file:///home/lblanco/Proyectos/blog/app/Repositories/Eloquent/Repos/Mapper/SociosMapper.php
Parsing file:///home/lblanco/Proyectos/blog/app/Repositories/Eloquent/Repos/Mapper/DepartamentoMapper.php
Parsing file:///home/lblanco/Proyectos/blog/app/Repositories/Eloquent/Repos/Mapper/EstadoVentaMapper.php
Parsing file:///home/lblanco/Proyectos/blog/app/Repositories/Eloquent/Repos/Mapper/ImputacionMapper.php
Parsing file:///home/lblanco/Proyectos/blog/app/Repositories/Eloquent/Repos/Mapper/RubroMapper.php
Parsing file:///home/lblanco/Proyectos/blog/app/Repositories/Eloquent/Repos/Mapper/AgenteFinancieroMapper.php
Parsing file:///home/lblanco/Proyectos/blog/app/Repositories/Eloquent/Repos/Mapper/PrioridadMapper.php
Parsing file:///home/lblanco/Proyectos/blog/app/Repositories/Eloquent/Repos/Mapper/ComercializadorMapper.php
Parsing file:///home/lblanco/Proyectos/blog/app/Repositories/Eloquent/Repos/Mapper/SolicitudMapper.php
Parsing file:///home/lblanco/Proyectos/blog/app/Repositories/Eloquent/Repos/Mapper/SolicitudesSinInversionistaMapper.php
Parsing file:///home/lblanco/Proyectos/blog/app/Repositories/Eloquent/Repos/Mapper/BancoMapper.php
Parsing file:///home/lblanco/Proyectos/blog/app/Repositories/Eloquent/Repos/Mapper/VentasMapper.php
Parsing file:///home/lblanco/Proyectos/blog/app/Repositories/Eloquent/Repos/Mapper/ProductosMapper.php
Parsing file:///home/lblanco/Proyectos/blog/app/Repositories/Eloquent/Repos/Mapper/CuotasMapper.php
Parsing file:///home/lblanco/Proyectos/blog/app/Repositories/Eloquent/Repos/Mapper/SubRubroMapper.php
Parsing file:///home/lblanco/Proyectos/blog/app/Repositories/Eloquent/Repos/Mapper/ProveedoresMapper.php
Parsing file:///home/lblanco/Proyectos/blog/app/Repositories/Eloquent/Repos/Mapper/CapituloMapper.php
Parsing file:///home/lblanco/Proyectos/blog/app/Repositories/Eloquent/Repos/PrioridadRepo.php
Parsing file:///home/lblanco/Proyectos/blog/app/Repositories/Eloquent/Repos/SociosRepo.php
Parsing file:///home/lblanco/Proyectos/blog/app/Repositories/Eloquent/Repos/BancoRepo.php
Parsing file:///home/lblanco/Proyectos/blog/app/Repositories/Eloquent/Repos/ProductosRepo.php
Parsing file:///home/lblanco/Proyectos/blog/app/Repositories/Eloquent/EstadoVenta.php
Parsing file:///home/lblanco/Proyectos/blog/app/Repositories/Eloquent/Proveedor.php
Parsing file:///home/lblanco/Proyectos/blog/app/Repositories/Eloquent/GeneradorDeAsientos.php
Parsing file:///home/lblanco/Proyectos/blog/app/Repositories/Eloquent/Contabilidad/Moneda.php
Parsing file:///home/lblanco/Proyectos/blog/app/Repositories/Eloquent/Contabilidad/Capitulo.php
Parsing file:///home/lblanco/Proyectos/blog/app/Repositories/Eloquent/Contabilidad/Departamento.php
Parsing file:///home/lblanco/Proyectos/blog/app/Repositories/Eloquent/Contabilidad/Rubro.php
Parsing file:///home/lblanco/Proyectos/blog/app/Repositories/Eloquent/Contabilidad/SubRubro.php
Parsing file:///home/lblanco/Proyectos/blog/app/Repositories/Eloquent/Contabilidad/Imputacion.php
Parsing file:///home/lblanco/Proyectos/blog/app/Repositories/Eloquent/Contabilidad/CalculadorSaldoInicial.php
Parsing file:///home/lblanco/Proyectos/blog/app/Repositories/Eloquent/Contabilidad/GeneradorDeCuentas.php
Parsing file:///home/lblanco/Proyectos/blog/app/Repositories/Eloquent/Fechas.php
Parsing file:///home/lblanco/Proyectos/blog/app/Repositories/Eloquent/Producto.php
Parsing file:///home/lblanco/Proyectos/blog/app/Repositories/Eloquent/ConsultasCuotas.php
Parsing file:///home/lblanco/Proyectos/blog/app/Repositories/Eloquent/Solicitud.php
Parsing file:///home/lblanco/Proyectos/blog/app/Repositories/Eloquent/FileManager.php
Parsing file:///home/lblanco/Proyectos/blog/app/Repositories/Eloquent/Prioridad.php
Parsing file:///home/lblanco/Proyectos/blog/app/Repositories/Eloquent/ABMS/AbmPrioridadesRepositorio.php
Parsing file:///home/lblanco/Proyectos/blog/app/Repositories/Eloquent/ABMS/AbmProovedoresRepositorio.php
Parsing file:///home/lblanco/Proyectos/blog/app/Repositories/Eloquent/ABMS/AbmUsuariosRepositorio.php
Parsing file:///home/lblanco/Proyectos/blog/app/Repositories/Eloquent/ABMS/AbmSociosRepositorio.php
Parsing file:///home/lblanco/Proyectos/blog/app/Repositories/Eloquent/ABMS/RepositorioAbm.php
Parsing file:///home/lblanco/Proyectos/blog/app/Repositories/Eloquent/ABMS/AbmRolesRepositorio.php
Parsing file:///home/lblanco/Proyectos/blog/app/Repositories/Eloquent/ABMS/AbmOrganismosRepositorio.php
Parsing file:///home/lblanco/Proyectos/blog/app/Repositories/Eloquent/ABMS/AbmProductosRepositorio.php
Parsing file:///home/lblanco/Proyectos/blog/app/Repositories/Eloquent/Filtros/CC_CuotasSocialesFilter.php
Parsing file:///home/lblanco/Proyectos/blog/app/Repositories/Eloquent/Filtros/Filtro.php
Parsing file:///home/lblanco/Proyectos/blog/app/Repositories/Eloquent/Filtros/Ventas/FechaInicioDesdeCuota.php
Parsing file:///home/lblanco/Proyectos/blog/app/Repositories/Eloquent/Filtros/Ventas/TieneCreditos.php
Parsing file:///home/lblanco/Proyectos/blog/app/Repositories/Eloquent/Filtros/Ventas/Proveedor.php
Parsing file:///home/lblanco/Proyectos/blog/app/Repositories/Eloquent/Filtros/Ventas/TieneProductos.php
Parsing file:///home/lblanco/Proyectos/blog/app/Repositories/Eloquent/Filtros/Ventas/FechaInicioHastaCuota.php
Parsing file:///home/lblanco/Proyectos/blog/app/Repositories/Eloquent/Filtros/Ventas/FechaVencimientoHastaCuota.php
Parsing file:///home/lblanco/Proyectos/blog/app/Repositories/Eloquent/Filtros/Ventas/Producto.php
Parsing file:///home/lblanco/Proyectos/blog/app/Repositories/Eloquent/Filtros/Ventas/FechaVencimientoDesdeCuota.php
Parsing file:///home/lblanco/Proyectos/blog/app/Repositories/Eloquent/Filtros/VentasFilter.php
Parsing file:///home/lblanco/Proyectos/blog/app/Repositories/Eloquent/Filtros/Proovedores/Nombre.php
Parsing file:///home/lblanco/Proyectos/blog/app/Repositories/Eloquent/Filtros/Proovedores/Situacion.php
Parsing file:///home/lblanco/Proyectos/blog/app/Repositories/Eloquent/Filtros/ProovedoresFilter.php
Parsing file:///home/lblanco/Proyectos/blog/app/Repositories/Eloquent/ConsultasMovimientos.php
Parsing file:///home/lblanco/Proyectos/blog/app/Repositories/Eloquent/Cobranza/Agrupacion/AgruparPorFecha.php
Parsing file:///home/lblanco/Proyectos/blog/app/Repositories/Eloquent/Cobranza/Agrupacion/AgruparPorOrdenDePrioridad.php
Parsing file:///home/lblanco/Proyectos/blog/app/Repositories/Eloquent/Cobranza/CobrarPorVenta.php
Parsing file:///home/lblanco/Proyectos/blog/app/Repositories/Eloquent/Cobranza/CobrarCuotasSociales.php
Parsing file:///home/lblanco/Proyectos/blog/app/Repositories/Eloquent/Cobranza/Prioridad/PrioridadPorFecha.php
Parsing file:///home/lblanco/Proyectos/blog/app/Repositories/Eloquent/Cobranza/Prioridad/PrioridadPorOrden.php
Parsing file:///home/lblanco/Proyectos/blog/app/Repositories/Eloquent/Cobranza/CobrarPorSocio.php
Parsing file:///home/lblanco/Proyectos/blog/app/Repositories/Eloquent/Comercializador.php
Parsing file:///home/lblanco/Proyectos/blog/app/Repositories/Eloquent/Filtros.php
Parsing file:///home/lblanco/Proyectos/blog/app/Repositories/Eloquent/ControlFechaContable.php
Parsing file:///home/lblanco/Proyectos/blog/app/Repositories/Eloquent/Ventas.php
Parsing file:///home/lblanco/Proyectos/blog/app/Repositories/Contracts/filtros.php
Parsing file:///home/lblanco/Proyectos/blog/app/Repositories/Contracts/abmInterface.php
Parsing file:///home/lblanco/Proyectos/blog/app/Providers/AuthServiceProvider.php
Parsing file:///home/lblanco/Proyectos/blog/app/Providers/EventServiceProvider.php
Parsing file:///home/lblanco/Proyectos/blog/app/Providers/BroadcastServiceProvider.php
Parsing file:///home/lblanco/Proyectos/blog/app/Providers/RouteServiceProvider.php
Parsing file:///home/lblanco/Proyectos/blog/app/Providers/AppServiceProvider.php
Parsing file:///home/lblanco/Proyectos/blog/app/ConfigImputaciones.php
Parsing file:///home/lblanco/Proyectos/blog/app/EstadoVenta.php
Parsing file:///home/lblanco/Proyectos/blog/app/Chequera.php
Parsing file:///home/lblanco/Proyectos/blog/app/Http/Middleware/TrimStrings.php
Parsing file:///home/lblanco/Proyectos/blog/app/Http/Middleware/RedirectIfAuthenticated.php
Parsing file:///home/lblanco/Proyectos/blog/app/Http/Middleware/EncryptCookies.php
Parsing file:///home/lblanco/Proyectos/blog/app/Http/Middleware/VerifyCsrfToken.php
Parsing file:///home/lblanco/Proyectos/blog/app/Http/Kernel.php
Parsing file:///home/lblanco/Proyectos/blog/app/Http/Controllers/PagoSolicitudesPendientesDeCobro.php
Parsing file:///home/lblanco/Proyectos/blog/app/Http/Controllers/ChequeraController.php
Parsing file:///home/lblanco/Proyectos/blog/app/Http/Controllers/ABM_Rubros.php
Parsing file:///home/lblanco/Proyectos/blog/app/Http/Controllers/ABM_Imputacion.php
Parsing file:///home/lblanco/Proyectos/blog/app/Http/Controllers/ABM_Departamento.php
Parsing file:///home/lblanco/Proyectos/blog/app/Http/Controllers/ComercializadorController.php
Parsing file:///home/lblanco/Proyectos/blog/app/Http/Controllers/CobranzaController.php
Parsing file:///home/lblanco/Proyectos/blog/app/Http/Controllers/ABM_asociados.php
Parsing file:///home/lblanco/Proyectos/blog/app/Http/Controllers/CajaController.php
Parsing file:///home/lblanco/Proyectos/blog/app/Http/Controllers/CobroCuotasSocialesController.php
Parsing file:///home/lblanco/Proyectos/blog/app/Http/Controllers/CobrarContablemente.php
Parsing file:///home/lblanco/Proyectos/blog/app/Http/Controllers/AprobacionServiciosController.php
Parsing file:///home/lblanco/Proyectos/blog/app/Http/Controllers/ABM_SubRubro.php
Parsing file:///home/lblanco/Proyectos/blog/app/Http/Controllers/PagoProovedoresController.php
Parsing file:///home/lblanco/Proyectos/blog/app/Http/Controllers/ABM_Moneda.php
Parsing file:///home/lblanco/Proyectos/blog/app/Http/Controllers/CajaOperacionesController.php
Parsing file:///home/lblanco/Proyectos/blog/app/Http/Controllers/AsientosController.php
Parsing file:///home/lblanco/Proyectos/blog/app/Http/Controllers/NovedadesController.php
Parsing file:///home/lblanco/Proyectos/blog/app/Http/Controllers/BalanceController.php
Parsing file:///home/lblanco/Proyectos/blog/app/Http/Controllers/CorrerVtoServiciosController.php
Parsing file:///home/lblanco/Proyectos/blog/app/Http/Controllers/Auth/ForgotPasswordController.php
Parsing file:///home/lblanco/Proyectos/blog/app/Http/Controllers/Auth/ResetPasswordController.php
Parsing file:///home/lblanco/Proyectos/blog/app/Http/Controllers/Auth/LoginController.php
Parsing file:///home/lblanco/Proyectos/blog/app/Http/Controllers/Auth/RegisterController.php
Parsing file:///home/lblanco/Proyectos/blog/app/Http/Controllers/BancoController.php
Parsing file:///home/lblanco/Proyectos/blog/app/Http/Controllers/CuentaCorrienteComercializador.php
Parsing file:///home/lblanco/Proyectos/blog/app/Http/Controllers/MayorContableController.php
Parsing file:///home/lblanco/Proyectos/blog/app/Http/Controllers/ABM_roles.php
Parsing file:///home/lblanco/Proyectos/blog/app/Http/Controllers/Login.php
Parsing file:///home/lblanco/Proyectos/blog/app/Http/Controllers/ABM_proovedores.php
Parsing file:///home/lblanco/Proyectos/blog/app/Http/Controllers/ABM_organismos.php
Parsing file:///home/lblanco/Proyectos/blog/app/Http/Controllers/CobrarController.php
Parsing file:///home/lblanco/Proyectos/blog/app/Http/Controllers/AgenteFinancieroController.php
Parsing file:///home/lblanco/Proyectos/blog/app/Http/Controllers/ABM_Capitulos.php
Parsing file:///home/lblanco/Proyectos/blog/app/Http/Controllers/PagoProveedorContable.php
Parsing file:///home/lblanco/Proyectos/blog/app/Http/Controllers/ABM_usuarios.php
Parsing file:///home/lblanco/Proyectos/blog/app/Http/Controllers/CC_CuotasSocialesController.php
Parsing file:///home/lblanco/Proyectos/blog/app/Http/Controllers/ProveedorCCController.php
Parsing file:///home/lblanco/Proyectos/blog/app/Http/Controllers/ABM_productos.php
Parsing file:///home/lblanco/Proyectos/blog/app/Http/Controllers/NotificacionController.php
Parsing file:///home/lblanco/Proyectos/blog/app/Http/Controllers/Controller.php
Parsing file:///home/lblanco/Proyectos/blog/app/Http/Controllers/SolicitudesPendientesDeCobro.php
Parsing file:///home/lblanco/Proyectos/blog/app/Http/Controllers/SolicitudesPendientesMutualController.php
Parsing file:///home/lblanco/Proyectos/blog/app/Http/Controllers/FechaContableController.php
Parsing file:///home/lblanco/Proyectos/blog/app/Http/Controllers/ABM_Operaciones.php
Parsing file:///home/lblanco/Proyectos/blog/app/Http/Controllers/VentasControlador.php
Parsing file:///home/lblanco/Proyectos/blog/app/Http/Controllers/Dar_Servicio.php
Parsing file:///home/lblanco/Proyectos/blog/app/Http/Controllers/ABM_prioridades.php
Parsing file:///home/lblanco/Proyectos/blog/app/Http/Controllers/ABM_Comercializador.php
Parsing file:///home/lblanco/Proyectos/blog/app/Http/Requests/ValidacionABMusuarios.php
Parsing file:///home/lblanco/Proyectos/blog/app/Http/Requests/ValidacionCapitulo.php
Parsing file:///home/lblanco/Proyectos/blog/app/Http/Requests/ValidacionABMproovedores.php
Parsing file:///home/lblanco/Proyectos/blog/app/Http/Requests/ValidacionABMorganismos.php
Parsing file:///home/lblanco/Proyectos/blog/app/Http/Requests/ValidacionImputacion.php
Parsing file:///home/lblanco/Proyectos/blog/app/Http/Requests/ValidacionRubro.php
Parsing file:///home/lblanco/Proyectos/blog/app/Http/Requests/ValidacionDepartamento.php
Parsing file:///home/lblanco/Proyectos/blog/app/Http/Requests/ValidacionSubRubro.php
Parsing file:///home/lblanco/Proyectos/blog/app/Http/Requests/ValidacionABMProductos.php
Parsing file:///home/lblanco/Proyectos/blog/app/Http/Requests/ValidacionMoneda.php
Parsing file:///home/lblanco/Proyectos/blog/app/Http/Requests/ValidacionAsiento.php
Parsing file:///home/lblanco/Proyectos/blog/app/Http/Requests/ValidacionBanco.php
Parsing file:///home/lblanco/Proyectos/blog/app/Http/Requests/ValidacionABMcomercializador.php
Parsing file:///home/lblanco/Proyectos/blog/app/Http/Requests/ValidacionABMsocios.php
Parsing file:///home/lblanco/Proyectos/blog/app/Cuotas.php
Parsing file:///home/lblanco/Proyectos/blog/app/Console/Kernel.php
Parsing file:///home/lblanco/Proyectos/blog/app/Console/Commands/GenerateRepository.php
Parsing file:///home/lblanco/Proyectos/blog/app/Console/Commands/GenerateMapper.php
Parsing file:///home/lblanco/Proyectos/blog/app/Console/Commands/GenerateGateway.php
Parsing file:///home/lblanco/Proyectos/blog/app/Console/Commands/GeneracionCuotaSocial.php
Parsing file:///home/lblanco/Proyectos/blog/app/SubRubro.php
Parsing file:///home/lblanco/Proyectos/blog/app/Imputacion.php
Parsing file:///home/lblanco/Proyectos/blog/app/Events/SolicitudEnProceso.php
Parsing file:///home/lblanco/Proyectos/blog/app/Events/Event.php
Parsing file:///home/lblanco/Proyectos/blog/app/Solicitud.php
Parsing file:///home/lblanco/Proyectos/blog/app/Proovedores.php
Parsing file:///home/lblanco/Proyectos/blog/app/Ejercicio.php
Parsing file:///home/lblanco/Proyectos/blog/app/Pantallas.php
Parsing file:///home/lblanco/Proyectos/blog/app/SaldosCuentas.php
Parsing file:///home/lblanco/Proyectos/blog/app/Organismos.php
Parsing file:///home/lblanco/Proyectos/blog/app/Notifications/SolicitudRechazada.php
Parsing file:///home/lblanco/Proyectos/blog/app/Notifications/SolicitudCapitalOtorgado.php
Parsing file:///home/lblanco/Proyectos/blog/app/Notifications/SolicitudEnProceso.php
Parsing file:///home/lblanco/Proyectos/blog/app/Notifications/SolicitudPropuesta.php
Parsing file:///home/lblanco/Proyectos/blog/app/Notifications/SolicitudCapitalReservado.php
Parsing file:///home/lblanco/Proyectos/blog/app/Notifications/SolicitudAceptada.php
Parsing file:///home/lblanco/Proyectos/blog/app/Notifications/SolicitudContraPropuestada.php
Parsing file:///home/lblanco/Proyectos/blog/app/Notifications/SolicitudAsignada.php
Parsing file:///home/lblanco/Proyectos/blog/app/Notifications/SolicitudFormularioEnviado.php
Parsing file:///home/lblanco/Proyectos/blog/app/Notifications/SolicitudAprobada.php
Parsing file:///home/lblanco/Proyectos/blog/app/Banco.php
Parsing file:///home/lblanco/Proyectos/blog/app/Asiento.php
Parsing file:///home/lblanco/Proyectos/blog/app/PorcentajeColocacion.php
Parsing file:///home/lblanco/Proyectos/blog/app/Movimientos.php
Parsing file:///home/lblanco/Proyectos/blog/app/Socios.php
Parsing file:///home/lblanco/Proyectos/blog/app/Prioridades.php
Parsing file:///home/lblanco/Proyectos/blog/app/CajaOperaciones.php
Parsing file:///home/lblanco/Proyectos/blog/app/Comercializador.php
Parsing file:///home/lblanco/Proyectos/blog/app/Exceptions/UsuarioOPasswordErroneosException.php
Parsing file:///home/lblanco/Proyectos/blog/app/Exceptions/FechaContableElejidaEnEjercicioCerradoException.php
Parsing file:///home/lblanco/Proyectos/blog/app/Exceptions/Handler.php
Parsing file:///home/lblanco/Proyectos/blog/app/Exceptions/MasPlataCobradaQueElTotalException.php
Parsing file:///home/lblanco/Proyectos/blog/app/Exceptions/LaFechaContablaYaEstaCerradaException.php
Parsing file:///home/lblanco/Proyectos/blog/app/Exceptions/EjercicioCerradoException.php
Parsing file:///home/lblanco/Proyectos/blog/app/Exceptions/NoSePuedeModificarElUsuarioException.php
Parsing file:///home/lblanco/Proyectos/blog/app/Exceptions/NotFoundException.php
Parsing file:///home/lblanco/Proyectos/blog/app/Exceptions/MiExceptionClass.php
Parsing file:///home/lblanco/Proyectos/blog/app/ControlFechaContable.php
Parsing file:///home/lblanco/Proyectos/blog/app/Ventas.php
Parsing file:///home/lblanco/Proyectos/blog/public/index.php
[Info  - 18:03:13] 66 Packages
[Info  - 18:03:13] Restored mockery/mockery:0.9.9 from cache
[Info  - 18:03:13] Restored doctrine/inflector:1.2.0 from cache
[Info  - 18:03:13] Restored doctrine/instantiator:1.1.0 from cache
[Info  - 18:03:13] Restored phpunit/phpunit:5.7.23 from cache
[Info  - 18:03:13] Restored phpunit/php-timer:1.0.9 from cache
[Info  - 18:03:13] Restored phpunit/phpunit-mock-objects:3.4.4 from cache
[Info  - 18:03:13] Restored phpunit/php-text-template:1.2.1 from cache
[Info  - 18:03:13] Restored phpunit/php-file-iterator:1.4.2 from cache
[Info  - 18:03:13] Restored phpunit/php-token-stream:2.0.1 from cache
[Info  - 18:03:13] Restored phpunit/php-code-coverage:4.0.8 from cache
[Info  - 18:03:13] Restored cartalyst/sentinel:2.0.16 from cache
[Info  - 18:03:13] Restored cartalyst/support:2.0.1 from cache
[Info  - 18:03:13] Restored ramsey/uuid:3.7.1 from cache
[Info  - 18:03:13] Restored tijsverkoyen/css-to-inline-styles:2.2.0 from cache
[Info  - 18:03:13] Restored hamcrest/hamcrest-php:1.2.2 from cache
[Info  - 18:03:13] Restored mtdowling/cron-expression:1.2.0 from cache
[Info  - 18:03:13] Restored sebastian/environment:2.0.0 from cache
[Info  - 18:03:13] Restored sebastian/recursion-context:2.0.0 from cache
[Info  - 18:03:13] Restored sebastian/code-unit-reverse-lookup:1.0.1 from cache
[Info  - 18:03:13] Restored sebastian/diff:1.4.3 from cache
[Info  - 18:03:13] Restored sebastian/exporter:2.0.0 from cache
[Info  - 18:03:13] Restored sebastian/global-state:1.1.1 from cache
[Info  - 18:03:13] Restored sebastian/comparator:1.2.4 from cache
[Info  - 18:03:13] Restored sebastian/object-enumerator:2.0.1 from cache
[Info  - 18:03:13] Restored sebastian/resource-operations:1.0.0 from cache
[Info  - 18:03:13] Restored sebastian/version:2.0.1 from cache
[Info  - 18:03:13] Restored erusev/parsedown:1.6.3 from cache
[Info  - 18:03:13] Restored paragonie/random_compat:2.0.11 from cache
[Info  - 18:03:13] Restored guzzlehttp/psr7:1.4.2 from cache
[Info  - 18:03:13] Restored dnoegel/php-xdg-base-dir:0.1 from cache
[Info  - 18:03:13] Restored jakub-onderka/php-console-highlighter:0.3.2 from cache
[Info  - 18:03:13] Restored jakub-onderka/php-console-color:0.1 from cache
[Info  - 18:03:13] Restored league/flysystem:1.0.41 from cache
[Info  - 18:03:13] Restored nesbot/carbon:1.22.1 from cache
[Info  - 18:03:13] Restored intervention/image:2.4.1 from cache
[Info  - 18:03:13] Restored pusher/pusher-php-server:2.6.4 from cache
[Info  - 18:03:13] Restored monolog/monolog:1.23.0 from cache
[Info  - 18:03:13] Restored psy/psysh:0.8.13 from cache
[Info  - 18:03:13] Restored phpdocumentor/type-resolver:0.4.0 from cache
[Info  - 18:03:13] Restored phpdocumentor/reflection-common:1.0.1 from cache
[Info  - 18:03:13] Restored phpdocumentor/reflection-docblock:4.1.1 from cache
[Info  - 18:03:13] Restored fzaninotto/faker:1.7.1 from cache
[Info  - 18:03:13] Restored laravel/tinker:1.0.2 from cache
[Info  - 18:03:13] Restored laravel/framework:5.4.36 from cache
[Info  - 18:03:13] Restored psr/log:1.0.2 from cache
[Info  - 18:03:13] Restored psr/http-message:1.0.1 from cache
[Info  - 18:03:13] Restored laravelcollective/html:5.4.9 from cache
[Info  - 18:03:13] Restored swiftmailer/swiftmailer:5.4.8 from cache
[Info  - 18:03:13] Restored symfony/finder:3.3.10 from cache
[Info  - 18:03:13] Restored symfony/event-dispatcher:3.3.10 from cache
[Info  - 18:03:13] Restored symfony/translation:3.3.10 from cache
[Info  - 18:03:13] Restored symfony/console:3.3.10 from cache
[Info  - 18:03:13] Restored symfony/var-dumper:3.3.10 from cache
[Info  - 18:03:13] Restored symfony/polyfill-mbstring:1.6.0 from cache
[Info  - 18:03:13] Restored symfony/yaml:3.3.10 from cache
[Info  - 18:03:13] Restored symfony/debug:3.3.10 from cache
[Info  - 18:03:13] Restored symfony/css-selector:3.3.10 from cache
[Info  - 18:03:13] Restored symfony/http-kernel:3.3.10 from cache
[Info  - 18:03:13] Restored symfony/process:3.3.10 from cache
[Info  - 18:03:13] Restored symfony/http-foundation:3.3.10 from cache
[Info  - 18:03:13] Restored symfony/routing:3.3.10 from cache
[Info  - 18:03:13] Restored vlucas/phpdotenv:2.4.0 from cache
[Info  - 18:03:13] Restored myclabs/deep-copy:1.6.1 from cache
[Info  - 18:03:13] Restored webmozart/assert:1.2.0 from cache
[Info  - 18:03:13] Restored nikic/php-parser:3.1.1 from cache
[Info  - 18:03:13] Restored phpspec/prophecy:1.7.2 from cache
[Info  - 18:03:13] All 5238 PHP files parsed in 7 seconds. 378 MiB allocated.
