Search path: /opt/lampp/htdocs/Refactor2.0/templates
No config files found.
Angular Language Service: 5.2.2-250c8da
TypeScript: 2.6.2
getTemplateReferences: 121ms
getHoverAt: 3ms
getDiagnostics: 22ms
Search path: /opt/lampp/htdocs/Refactor2.0/templates
No config files found.
getTemplateReferences: 0ms
Angular Language Service: 5.2.2-250c8da
TypeScript: 2.6.2
getTemplateReferences: 105ms
getDiagnostics: 5ms
getHoverAt: 1ms
getHoverAt: 0ms
getHoverAt: 1ms
getHoverAt: 0ms
Search path: /opt/lampp/htdocs/Refactor2.0/templates
No config files found.
getTemplateReferences: 0ms
getTemplateReferences: 0ms
Angular Language Service: 5.2.2-250c8da
TypeScript: 2.6.2
getTemplateReferences: 75ms
getDiagnostics: 12ms
getDiagnostics: 82ms
updating project structure from ...
getTemplateReferences: 0ms
getTemplateReferences: 0ms
getTemplateReferences: 0ms
getTemplateReferences: 0ms
getTemplateReferences: 0ms
getTemplateReferences: 0ms
getTemplateReferences: 0ms
getTemplateReferences: 0ms
getTemplateReferences: 0ms
updated: ng - 42ms
getHoverAt: 4ms
getCompletions: 31ms
getDiagnostics: 53ms
getDiagnostics: 57ms
updating project structure from ...
getTemplateReferences: 0ms
getTemplateReferences: 0ms
getTemplateReferences: 0ms
getTemplateReferences: 0ms
getTemplateReferences: 0ms
getTemplateReferences: 0ms
getTemplateReferences: 0ms
getTemplateReferences: 0ms
getTemplateReferences: 0ms
updated: ng - 41ms
getCompletions: 42ms
getDiagnostics: 92ms
updating project structure from ...
getTemplateReferences: 0ms
getTemplateReferences: 0ms
getTemplateReferences: 1ms
getTemplateReferences: 0ms
getTemplateReferences: 0ms
getTemplateReferences: 0ms
getTemplateReferences: 0ms
getTemplateReferences: 0ms
getTemplateReferences: 0ms
updated: ng - 0ms
getDiagnostics: 84ms
updating project structure from ...
getTemplateReferences: 0ms
getTemplateReferences: 0ms
getTemplateReferences: 0ms
getTemplateReferences: 0ms
getTemplateReferences: 0ms
getTemplateReferences: 0ms
getTemplateReferences: 0ms
getTemplateReferences: 0ms
getTemplateReferences: 0ms
updated: ng - 47ms
getCompletions: 28ms
getCompletions: 32ms
getDiagnostics: 50ms
updating project structure from ...
getTemplateReferences: 0ms
getTemplateReferences: 0ms
getTemplateReferences: 0ms
getTemplateReferences: 0ms
getTemplateReferences: 0ms
getTemplateReferences: 0ms
getTemplateReferences: 0ms
getTemplateReferences: 0ms
getTemplateReferences: 0ms
updated: ng - 0ms
getDiagnostics: 54ms
updating project structure from ...
getTemplateReferences: 0ms
getTemplateReferences: 0ms
getTemplateReferences: 0ms
getTemplateReferences: 0ms
getTemplateReferences: 0ms
getTemplateReferences: 0ms
getTemplateReferences: 0ms
getTemplateReferences: 0ms
getTemplateReferences: 0ms
updated: ng - 50ms
getCompletions: 43ms
getCompletions: 54ms
getDiagnostics: 54ms
getCompletions: 50ms
getDiagnostics: 7ms
updating project structure from ...
getTemplateReferences: 0ms
getTemplateReferences: 0ms
getTemplateReferences: 0ms
getTemplateReferences: 0ms
getTemplateReferences: 0ms
getTemplateReferences: 0ms
getTemplateReferences: 0ms
getTemplateReferences: 0ms
getTemplateReferences: 0ms
updated: ng - 42ms
getDiagnostics: 66ms
getHoverAt: 1ms
updating project structure from ...
getTemplateReferences: 0ms
getTemplateReferences: 0ms
getTemplateReferences: 0ms
getTemplateReferences: 0ms
getTemplateReferences: 0ms
getTemplateReferences: 0ms
getTemplateReferences: 0ms
getTemplateReferences: 0ms
getTemplateReferences: 0ms
updated: ng - 0ms
getHoverAt: 1ms
getCompletions: 43ms
getCompletions: 44ms
getCompletions: 44ms
getDiagnostics: 7ms
updating project structure from ...
getTemplateReferences: 0ms
getTemplateReferences: 0ms
getTemplateReferences: 0ms
getTemplateReferences: 0ms
getTemplateReferences: 0ms
getTemplateReferences: 0ms
getTemplateReferences: 0ms
getTemplateReferences: 0ms
getTemplateReferences: 0ms
updated: ng - 79ms
remove project: /opt/lampp/htdocs/Refactor2.0/templates/clinicas.html
Search path: /opt/lampp/htdocs/Refactor2.0/templates
No config files found.
getTemplateReferences: 0ms
getTemplateReferences: 0ms
Angular Language Service: 5.2.2-250c8da
TypeScript: 2.6.2
getTemplateReferences: 66ms
getDiagnostics: 4ms
updating project structure from ...
getTemplateReferences: 0ms
getTemplateReferences: 0ms
getTemplateReferences: 0ms
getTemplateReferences: 0ms
getTemplateReferences: 0ms
getTemplateReferences: 0ms
getTemplateReferences: 0ms
getTemplateReferences: 0ms
getTemplateReferences: 0ms
updated: ng - 0ms
getHoverAt: 1ms
getHoverAt: 0ms
getHoverAt: 6ms
getHoverAt: 3ms
getHoverAt: 1ms
getHoverAt: 1ms
getHoverAt: 0ms
getHoverAt: 1ms
getHoverAt: 1ms
getHoverAt: 1ms
getHoverAt: 1ms
getDiagnostics: 72ms
updating project structure from ...
getTemplateReferences: 0ms
getTemplateReferences: 0ms
getTemplateReferences: 0ms
getTemplateReferences: 0ms
getTemplateReferences: 0ms
getTemplateReferences: 0ms
getTemplateReferences: 0ms
getTemplateReferences: 0ms
getTemplateReferences: 0ms
updated: ng - 57ms
getCompletions: 38ms
getCompletions: 33ms
getDiagnostics: 52ms
getHoverAt: 2ms
updating project structure from ...
getTemplateReferences: 0ms
getTemplateReferences: 0ms
getTemplateReferences: 0ms
getTemplateReferences: 0ms
getTemplateReferences: 0ms
getTemplateReferences: 0ms
getTemplateReferences: 0ms
getTemplateReferences: 0ms
getTemplateReferences: 0ms
updated: ng - 0ms
getDiagnostics: 62ms
updating project structure from ...
getTemplateReferences: 0ms
getTemplateReferences: 0ms
getTemplateReferences: 0ms
getTemplateReferences: 0ms
getTemplateReferences: 0ms
getTemplateReferences: 0ms
getTemplateReferences: 0ms
getTemplateReferences: 0ms
getTemplateReferences: 0ms
updated: ng - 36ms
getDiagnostics: 70ms
updating project structure from ...
getTemplateReferences: 0ms
getTemplateReferences: 0ms
getTemplateReferences: 0ms
getTemplateReferences: 0ms
getTemplateReferences: 0ms
getTemplateReferences: 0ms
getTemplateReferences: 0ms
getTemplateReferences: 0ms
getTemplateReferences: 0ms
updated: ng - 0ms
getDiagnostics: 59ms
getHoverAt: 1ms
updating project structure from ...
getTemplateReferences: 0ms
getTemplateReferences: 0ms
getTemplateReferences: 0ms
getTemplateReferences: 0ms
getTemplateReferences: 0ms
getTemplateReferences: 0ms
getTemplateReferences: 0ms
getTemplateReferences: 0ms
getTemplateReferences: 0ms
updated: ng - 41ms
getHoverAt: 2ms
getHoverAt: 1ms
getHoverAt: 1ms
getHoverAt: 1ms
getHoverAt: 59ms
getHoverAt: 0ms
getDiagnostics: 28ms
updating project structure from ...
getTemplateReferences: 0ms
getTemplateReferences: 0ms
getTemplateReferences: 0ms
getTemplateReferences: 0ms
getTemplateReferences: 0ms
getTemplateReferences: 0ms
getTemplateReferences: 0ms
getTemplateReferences: 0ms
getTemplateReferences: 0ms
updated: ng - 0ms
getCompletions: 39ms
getCompletions: 34ms
getDiagnostics: 63ms
getHoverAt: 1ms
updating project structure from ...
getTemplateReferences: 0ms
getTemplateReferences: 0ms
getTemplateReferences: 0ms
getTemplateReferences: 0ms
getTemplateReferences: 0ms
getTemplateReferences: 0ms
getTemplateReferences: 0ms
getTemplateReferences: 0ms
getTemplateReferences: 0ms
updated: ng - 31ms
getDiagnostics: 43ms
getDiagnostics: 54ms
getHoverAt: 1ms
updating project structure from ...
getTemplateReferences: 0ms
getTemplateReferences: 0ms
getTemplateReferences: 0ms
getTemplateReferences: 0ms
getTemplateReferences: 0ms
getTemplateReferences: 0ms
getTemplateReferences: 0ms
getTemplateReferences: 0ms
getTemplateReferences: 0ms
updated: ng - 38ms
getDiagnostics: 55ms
getHoverAt: 1ms
updating project structure from ...
getTemplateReferences: 0ms
getTemplateReferences: 0ms
getTemplateReferences: 0ms
getTemplateReferences: 0ms
getTemplateReferences: 0ms
getTemplateReferences: 0ms
getTemplateReferences: 0ms
getTemplateReferences: 0ms
getTemplateReferences: 0ms
updated: ng - 0ms
getDiagnostics: 55ms
updating project structure from ...
getTemplateReferences: 0ms
getTemplateReferences: 0ms
getTemplateReferences: 0ms
getTemplateReferences: 0ms
getTemplateReferences: 0ms
getTemplateReferences: 0ms
getTemplateReferences: 0ms
getTemplateReferences: 0ms
getTemplateReferences: 0ms
updated: ng - 29ms
getDiagnostics: 57ms
getHoverAt: 4ms
updating project structure from ...
getTemplateReferences: 0ms
getTemplateReferences: 0ms
getTemplateReferences: 0ms
getTemplateReferences: 0ms
getTemplateReferences: 0ms
getTemplateReferences: 0ms
getTemplateReferences: 0ms
getTemplateReferences: 0ms
getTemplateReferences: 0ms
updated: ng - 0ms
getHoverAt: 1ms
getHoverAt: 1ms
getHoverAt: 1ms
getHoverAt: 3ms
getHoverAt: 3ms
getHoverAt: 3ms
getHoverAt: 1ms
getHoverAt: 1ms
getHoverAt: 1ms
getHoverAt: 1ms
getDiagnostics: 53ms
updating project structure from ...
getTemplateReferences: 0ms
getTemplateReferences: 0ms
getTemplateReferences: 0ms
getTemplateReferences: 0ms
getTemplateReferences: 0ms
getTemplateReferences: 0ms
getTemplateReferences: 0ms
getTemplateReferences: 0ms
getTemplateReferences: 0ms
updated: ng - 54ms
getHoverAt: 1ms
getHoverAt: 1ms
getCompletions: 37ms
getCompletions: 34ms
getDiagnostics: 76ms
updating project structure from ...
getTemplateReferences: 0ms
getTemplateReferences: 0ms
getTemplateReferences: 0ms
getTemplateReferences: 0ms
getTemplateReferences: 0ms
getTemplateReferences: 0ms
getTemplateReferences: 0ms
getTemplateReferences: 0ms
getTemplateReferences: 0ms
updated: ng - 0ms
getDiagnostics: 44ms
updating project structure from ...
getTemplateReferences: 1ms
getTemplateReferences: 0ms
getTemplateReferences: 0ms
getTemplateReferences: 0ms
getTemplateReferences: 0ms
getTemplateReferences: 0ms
getTemplateReferences: 0ms
getTemplateReferences: 0ms
getTemplateReferences: 0ms
updated: ng - 40ms
getDiagnostics: 59ms
getHoverAt: 1ms
updating project structure from ...
getTemplateReferences: 0ms
getTemplateReferences: 0ms
getTemplateReferences: 0ms
getTemplateReferences: 0ms
getTemplateReferences: 0ms
getTemplateReferences: 0ms
getTemplateReferences: 0ms
getTemplateReferences: 0ms
getTemplateReferences: 0ms
updated: ng - 0ms
getDiagnostics: 18ms
updating project structure from ...
getTemplateReferences: 0ms
getTemplateReferences: 0ms
getTemplateReferences: 0ms
getTemplateReferences: 0ms
getTemplateReferences: 0ms
getTemplateReferences: 0ms
getTemplateReferences: 0ms
getTemplateReferences: 0ms
getTemplateReferences: 0ms
updated: ng - 32ms
getHoverAt: 1ms
getHoverAt: 0ms
getDiagnostics: 50ms
updating project structure from ...
getTemplateReferences: 0ms
getTemplateReferences: 0ms
getTemplateReferences: 0ms
getTemplateReferences: 0ms
getTemplateReferences: 0ms
getTemplateReferences: 0ms
getTemplateReferences: 0ms
getTemplateReferences: 0ms
getTemplateReferences: 0ms
updated: ng - 0ms
getHoverAt: 1ms
getHoverAt: 64ms
getDiagnostics: 3ms
getHoverAt: 0ms
updating project structure from ...
getTemplateReferences: 0ms
getTemplateReferences: 0ms
getTemplateReferences: 0ms
getTemplateReferences: 0ms
getTemplateReferences: 0ms
getTemplateReferences: 0ms
getTemplateReferences: 0ms
getTemplateReferences: 0ms
getTemplateReferences: 0ms
updated: ng - 45ms
getHoverAt: 38ms
getDiagnostics: 50ms
updating project structure from ...
getTemplateReferences: 0ms
getTemplateReferences: 0ms
getTemplateReferences: 0ms
getTemplateReferences: 0ms
getTemplateReferences: 0ms
getTemplateReferences: 0ms
getTemplateReferences: 0ms
getTemplateReferences: 0ms
getTemplateReferences: 0ms
updated: ng - 0ms
getCompletions: 34ms
getCompletions: 30ms
getDiagnostics: 102ms
updating project structure from ...
getTemplateReferences: 0ms
getTemplateReferences: 0ms
getTemplateReferences: 0ms
getTemplateReferences: 0ms
getTemplateReferences: 0ms
getTemplateReferences: 0ms
getTemplateReferences: 0ms
getTemplateReferences: 0ms
getTemplateReferences: 0ms
updated: ng - 33ms
getDiagnostics: 89ms
getDiagnostics: 66ms
updating project structure from ...
getTemplateReferences: 0ms
getTemplateReferences: 0ms
getTemplateReferences: 0ms
getTemplateReferences: 0ms
getTemplateReferences: 0ms
getTemplateReferences: 0ms
getTemplateReferences: 0ms
getTemplateReferences: 0ms
getTemplateReferences: 0ms
updated: ng - 32ms
getDiagnostics: 61ms
getHoverAt: 0ms
updating project structure from ...
getTemplateReferences: 0ms
getTemplateReferences: 0ms
getTemplateReferences: 0ms
getTemplateReferences: 0ms
getTemplateReferences: 0ms
getTemplateReferences: 0ms
getTemplateReferences: 0ms
getTemplateReferences: 0ms
getTemplateReferences: 0ms
updated: ng - 0ms
getDiagnostics: 31ms
updating project structure from ...
getTemplateReferences: 0ms
getTemplateReferences: 0ms
getTemplateReferences: 0ms
getTemplateReferences: 0ms
getTemplateReferences: 0ms
getTemplateReferences: 0ms
getTemplateReferences: 0ms
getTemplateReferences: 0ms
getTemplateReferences: 0ms
updated: ng - 29ms
getDiagnostics: 72ms
updating project structure from ...
getTemplateReferences: 0ms
getTemplateReferences: 0ms
getTemplateReferences: 0ms
getTemplateReferences: 0ms
getTemplateReferences: 0ms
getTemplateReferences: 0ms
getTemplateReferences: 0ms
getTemplateReferences: 0ms
getTemplateReferences: 0ms
updated: ng - 0ms
getHoverAt: 0ms
getHoverAt: 0ms
getHoverAt: 1ms
getHoverAt: 43ms
getDiagnostics: 35ms
updating project structure from ...
getTemplateReferences: 0ms
getTemplateReferences: 0ms
getTemplateReferences: 0ms
getTemplateReferences: 0ms
getTemplateReferences: 0ms
getTemplateReferences: 0ms
getTemplateReferences: 0ms
getTemplateReferences: 0ms
getTemplateReferences: 0ms
updated: ng - 49ms
getCompletions: 40ms
getDiagnostics: 74ms
getHoverAt: 1ms
updating project structure from ...
getTemplateReferences: 0ms
getTemplateReferences: 0ms
getTemplateReferences: 0ms
getTemplateReferences: 0ms
getTemplateReferences: 0ms
getTemplateReferences: 0ms
getTemplateReferences: 0ms
getTemplateReferences: 0ms
getTemplateReferences: 0ms
updated: ng - 0ms
getHoverAt: 0ms
getDiagnostics: 60ms
getHoverAt: 1ms
updating project structure from ...
getTemplateReferences: 0ms
getTemplateReferences: 0ms
getTemplateReferences: 0ms
getTemplateReferences: 0ms
getTemplateReferences: 0ms
getTemplateReferences: 0ms
getTemplateReferences: 0ms
getTemplateReferences: 0ms
getTemplateReferences: 0ms
updated: ng - 40ms
getDiagnostics: 71ms
getHoverAt: 0ms
updating project structure from ...
getTemplateReferences: 0ms
getTemplateReferences: 0ms
getTemplateReferences: 0ms
getTemplateReferences: 0ms
getTemplateReferences: 0ms
getTemplateReferences: 0ms
getTemplateReferences: 0ms
getTemplateReferences: 0ms
getTemplateReferences: 0ms
updated: ng - 0ms
getDiagnostics: 70ms
remove project: /opt/lampp/htdocs/Refactor2.0/templates/clinicas.html
Search path: /opt/lampp/htdocs/Refactor2.0/templates
No config files found.
getTemplateReferences: 0ms
getTemplateReferences: 0ms
Angular Language Service: 5.2.2-250c8da
TypeScript: 2.6.2
getTemplateReferences: 33ms
updating project structure from ...
getTemplateReferences: 0ms
getTemplateReferences: 0ms
getTemplateReferences: 0ms
getTemplateReferences: 0ms
getTemplateReferences: 0ms
getTemplateReferences: 0ms
getTemplateReferences: 0ms
getTemplateReferences: 0ms
getTemplateReferences: 0ms
updated: ng - 0ms
getDiagnostics: 5ms
updating project structure from ...
getTemplateReferences: 0ms
getTemplateReferences: 0ms
getTemplateReferences: 0ms
getTemplateReferences: 0ms
getTemplateReferences: 0ms
getTemplateReferences: 0ms
getTemplateReferences: 0ms
getTemplateReferences: 0ms
getTemplateReferences: 0ms
updated: ng - 0ms
getHoverAt: 2ms
getHoverAt: 1ms
getHoverAt: 1ms
getHoverAt: 1ms
getHoverAt: 1ms
getHoverAt: 1ms
getDiagnostics: 77ms
remove project: /opt/lampp/htdocs/Refactor2.0/templates/clinicas.html
Search path: /opt/lampp/htdocs/Refactor2.0/templates
No config files found.
getTemplateReferences: 0ms
getTemplateReferences: 0ms
Angular Language Service: 5.2.2-250c8da
TypeScript: 2.6.2
getTemplateReferences: 69ms
updating project structure from ...
getTemplateReferences: 0ms
getTemplateReferences: 0ms
getTemplateReferences: 0ms
getTemplateReferences: 0ms
getTemplateReferences: 0ms
getTemplateReferences: 0ms
getTemplateReferences: 0ms
getTemplateReferences: 0ms
getTemplateReferences: 0ms
updated: ng - 0ms
getDiagnostics: 25ms
updating project structure from ...
getTemplateReferences: 0ms
getTemplateReferences: 0ms
getTemplateReferences: 0ms
getTemplateReferences: 0ms
getTemplateReferences: 0ms
getTemplateReferences: 0ms
getTemplateReferences: 0ms
getTemplateReferences: 0ms
getTemplateReferences: 0ms
updated: ng - 0ms
getHoverAt: 0ms
remove project: /opt/lampp/htdocs/Refactor2.0/templates/usuarios.html
remove project: /opt/lampp/htdocs/Refactor2.0/templates/afiliados.html
getHoverAt: 1ms
getHoverAt: 1ms
getCompletions: 44ms
getDiagnostics: 80ms
updating project structure from ...
getTemplateReferences: 0ms
updated: ng - 83ms
getDiagnostics: 115ms
updating project structure from ...
getTemplateReferences: 0ms
updated: ng - 0ms
updating project structure from ...
getTemplateReferences: 0ms
updated: ng - 0ms
