Search path: /opt/lampp/htdocs/Refactor2.0/templates
No config files found.
Angular Language Service: 5.2.2-250c8da
TypeScript: 2.6.2
getTemplateReferences: 219ms
getDiagnostics: 22ms
getHoverAt: 5ms
getHoverAt: 1ms
getHoverAt: 1ms
getHoverAt: 1ms
getDiagnostics: 161ms
getDiagnostics: 60ms
updating project structure from ...
getTemplateReferences: 0ms
updated: ng - 33ms
remove project: /opt/lampp/htdocs/Refactor2.0/templates/usuarios.html
Search path: /opt/lampp/htdocs/Refactor2.0/templates
No config files found.
Angular Language Service: 5.2.2-250c8da
TypeScript: 2.6.2
getTemplateReferences: 82ms
getDiagnostics: 47ms
updating project structure from ...
getTemplateReferences: 0ms
updated: ng - 35ms
updating project structure from ...
getTemplateReferences: 0ms
updated: ng - 0ms
getHoverAt: 1ms
getDiagnostics: 41ms
updating project structure from ...
getTemplateReferences: 0ms
updated: ng - 48ms
getCompletions: 43ms
getDiagnostics: 74ms
getDiagnostics: 38ms
getCompletions: 50ms
getDiagnostics: 12ms
getDiagnostics: 24ms
updating project structure from ...
getTemplateReferences: 0ms
updated: ng - 16ms
remove project: /opt/lampp/htdocs/Refactor2.0/templates/usuarios.html
Search path: /opt/lampp/htdocs/Refactor2.0/templates
No config files found.
Angular Language Service: 5.2.2-250c8da
TypeScript: 2.6.2
getTemplateReferences: 61ms
getHoverAt: 0ms
getDiagnostics: 4ms
updating project structure from ...
getTemplateReferences: 0ms
updated: ng - 0ms
getHoverAt: 0ms
getDiagnostics: 39ms
remove project: /opt/lampp/htdocs/Refactor2.0/templates/usuarios.html
Search path: /opt/lampp/htdocs/Refactor2.0/templates
No config files found.
Angular Language Service: 5.2.2-250c8da
TypeScript: 2.6.2
getTemplateReferences: 45ms
updating project structure from ...
getTemplateReferences: 0ms
updated: ng - 0ms
getDiagnostics: 4ms
updating project structure from ...
getTemplateReferences: 0ms
updated: ng - 0ms
getHoverAt: 0ms
getHoverAt: 1ms
getHoverAt: 3ms
getHoverAt: 0ms
Search path: /opt/lampp/htdocs/Refactor2.0/templates
No config files found.
getTemplateReferences: 1ms
Angular Language Service: 5.2.2-250c8da
TypeScript: 2.6.2
getTemplateReferences: 133ms
getDiagnostics: 50ms
getHoverAt: 1ms
getHoverAt: 0ms
getHoverAt: 0ms
getHoverAt: 0ms
getHoverAt: 1ms
getHoverAt: 0ms
getHoverAt: 0ms
getHoverAt: 1ms
getHoverAt: 0ms
getHoverAt: 1ms
getHoverAt: 1ms
getHoverAt: 0ms
getHoverAt: 0ms
getDiagnostics: 71ms
getDiagnostics: 34ms
getDiagnostics: 44ms
getHoverAt: 1ms
updating project structure from ...
getTemplateReferences: 0ms
getTemplateReferences: 0ms
getTemplateReferences: 0ms
getTemplateReferences: 0ms
updated: ng - 37ms
getHoverAt: 1ms
getHoverAt: 44ms
getDiagnostics: 19ms
updating project structure from ...
getTemplateReferences: 0ms
getTemplateReferences: 0ms
getTemplateReferences: 0ms
getTemplateReferences: 0ms
updated: ng - 0ms
getHoverAt: 0ms
getHoverAt: 10ms
getHoverAt: 4ms
getHoverAt: 1ms
getHoverAt: 1ms
getDiagnostics: 4ms
updating project structure from ...
getTemplateReferences: 0ms
getTemplateReferences: 0ms
getTemplateReferences: 0ms
getTemplateReferences: 0ms
updated: ng - 0ms
getHoverAt: 1ms
getDiagnostics: 45ms
remove project: /opt/lampp/htdocs/Refactor2.0/templates/usuarios.html
Search path: /opt/lampp/htdocs/Refactor2.0/templates
No config files found.
getTemplateReferences: 0ms
Angular Language Service: 5.2.2-250c8da
TypeScript: 2.6.2
getTemplateReferences: 44ms
updating project structure from ...
getTemplateReferences: 0ms
getTemplateReferences: 0ms
getTemplateReferences: 0ms
getTemplateReferences: 0ms
updated: ng - 0ms
getDiagnostics: 6ms
updating project structure from ...
getTemplateReferences: 0ms
getTemplateReferences: 0ms
getTemplateReferences: 0ms
getTemplateReferences: 0ms
updated: ng - 0ms
getHoverAt: 2ms
getHoverAt: 1ms
getHoverAt: 2ms
getHoverAt: 1ms
getHoverAt: 1ms
getHoverAt: 3ms
getHoverAt: 1ms
getHoverAt: 1ms
getHoverAt: 0ms
getHoverAt: 0ms
getHoverAt: 1ms
getHoverAt: 2ms
getDiagnostics: 35ms
updating project structure from ...
getTemplateReferences: 0ms
getTemplateReferences: 0ms
getTemplateReferences: 0ms
getTemplateReferences: 0ms
updated: ng - 49ms
remove project: /opt/lampp/htdocs/Refactor2.0/templates/usuarios.html
Search path: /opt/lampp/htdocs/Refactor2.0/templates
No config files found.
getTemplateReferences: 0ms
Angular Language Service: 5.2.2-250c8da
TypeScript: 2.6.2
getTemplateReferences: 65ms
getDiagnostics: 3ms
updating project structure from ...
getTemplateReferences: 0ms
getTemplateReferences: 0ms
getTemplateReferences: 0ms
getTemplateReferences: 0ms
updated: ng - 0ms
getHoverAt: 10ms
getHoverAt: 0ms
getHoverAt: 0ms
getDiagnostics: 73ms
updating project structure from ...
getTemplateReferences: 0ms
getTemplateReferences: 0ms
getTemplateReferences: 0ms
getTemplateReferences: 0ms
updated: ng - 47ms
getHoverAt: 0ms
getHoverAt: 0ms
getHoverAt: 0ms
getDiagnostics: 75ms
updating project structure from ...
getTemplateReferences: 0ms
getTemplateReferences: 0ms
getTemplateReferences: 0ms
getTemplateReferences: 0ms
updated: ng - 0ms
remove project: /opt/lampp/htdocs/Refactor2.0/templates/usuarios.html
Search path: /opt/lampp/htdocs/Refactor2.0/templates
No config files found.
getTemplateReferences: 0ms
Angular Language Service: 5.2.2-250c8da
TypeScript: 2.6.2
getTemplateReferences: 90ms
getDiagnostics: 7ms
updating project structure from ...
getTemplateReferences: 0ms
getTemplateReferences: 0ms
getTemplateReferences: 0ms
getTemplateReferences: 0ms
updated: ng - 0ms
getHoverAt: 1ms
getHoverAt: 3ms
getHoverAt: 34ms
getDiagnostics: 113ms
remove project: /opt/lampp/htdocs/Refactor2.0/templates/usuarios.html
Search path: /opt/lampp/htdocs/Refactor2.0/templates
No config files found.
getTemplateReferences: 0ms
Angular Language Service: 5.2.2-250c8da
TypeScript: 2.6.2
getTemplateReferences: 49ms
updating project structure from ...
getTemplateReferences: 0ms
getTemplateReferences: 0ms
getTemplateReferences: 0ms
getTemplateReferences: 0ms
updated: ng - 0ms
getDiagnostics: 11ms
updating project structure from ...
getTemplateReferences: 0ms
getTemplateReferences: 0ms
getTemplateReferences: 0ms
getTemplateReferences: 0ms
updated: ng - 0ms
getHoverAt: 1ms
getHoverAt: 1ms
getHoverAt: 2ms
getHoverAt: 1ms
getHoverAt: 0ms
getHoverAt: 1ms
getHoverAt: 0ms
getHoverAt: 0ms
getHoverAt: 0ms
getHoverAt: 0ms
getHoverAt: 0ms
getHoverAt: 0ms
getDiagnostics: 97ms
updating project structure from ...
getTemplateReferences: 0ms
getTemplateReferences: 0ms
getTemplateReferences: 0ms
getTemplateReferences: 0ms
updated: ng - 65ms
updating project structure from ...
getTemplateReferences: 0ms
getTemplateReferences: 0ms
getTemplateReferences: 0ms
getTemplateReferences: 0ms
updated: ng - 0ms
getDiagnostics: 43ms
updating project structure from ...
getTemplateReferences: 0ms
getTemplateReferences: 0ms
getTemplateReferences: 0ms
getTemplateReferences: 0ms
updated: ng - 43ms
getDiagnostics: 78ms
updating project structure from ...
getTemplateReferences: 0ms
getTemplateReferences: 0ms
getTemplateReferences: 0ms
getTemplateReferences: 0ms
updated: ng - 0ms
getHoverAt: 131ms
getDiagnostics: 4ms
updating project structure from ...
getTemplateReferences: 0ms
getTemplateReferences: 0ms
getTemplateReferences: 0ms
getTemplateReferences: 0ms
updated: ng - 91ms
getHoverAt: 4ms
getHoverAt: 1ms
getHoverAt: 0ms
getHoverAt: 0ms
getHoverAt: 1ms
getHoverAt: 1ms
getDiagnostics: 93ms
updating project structure from ...
getTemplateReferences: 0ms
getTemplateReferences: 0ms
getTemplateReferences: 0ms
getTemplateReferences: 0ms
updated: ng - 0ms
getDiagnostics: 41ms
updating project structure from ...
getTemplateReferences: 0ms
getTemplateReferences: 0ms
getTemplateReferences: 0ms
getTemplateReferences: 0ms
updated: ng - 84ms
getHoverAt: 1ms
getHoverAt: 0ms
getDiagnostics: 151ms
remove project: /opt/lampp/htdocs/Refactor2.0/templates/usuarios.html
Search path: /opt/lampp/htdocs/Refactor2.0/templates
No config files found.
getTemplateReferences: 0ms
Angular Language Service: 5.2.2-250c8da
TypeScript: 2.6.2
getTemplateReferences: 83ms
updating project structure from ...
getTemplateReferences: 0ms
getTemplateReferences: 0ms
getTemplateReferences: 0ms
getTemplateReferences: 0ms
updated: ng - 0ms
getDiagnostics: 44ms
updating project structure from ...
getTemplateReferences: 0ms
getTemplateReferences: 0ms
getTemplateReferences: 0ms
getTemplateReferences: 0ms
updated: ng - 0ms
getHoverAt: 0ms
getDiagnostics: 59ms
updating project structure from ...
getTemplateReferences: 0ms
getTemplateReferences: 0ms
getTemplateReferences: 0ms
getTemplateReferences: 0ms
updated: ng - 72ms
updating project structure from ...
getTemplateReferences: 0ms
getTemplateReferences: 0ms
getTemplateReferences: 0ms
getTemplateReferences: 0ms
updated: ng - 0ms
remove project: /opt/lampp/htdocs/Refactor2.0/templates/usuarios.html
Search path: /opt/lampp/htdocs/Refactor2.0/templates
No config files found.
getTemplateReferences: 0ms
Angular Language Service: 5.2.2-250c8da
TypeScript: 2.6.2
getTemplateReferences: 68ms
getDiagnostics: 21ms
updating project structure from ...
getTemplateReferences: 0ms
getTemplateReferences: 0ms
getTemplateReferences: 0ms
getTemplateReferences: 0ms
updated: ng - 0ms
getHoverAt: 1ms
getHoverAt: 1ms
getHoverAt: 0ms
getDiagnostics: 76ms
updating project structure from ...
getTemplateReferences: 0ms
getTemplateReferences: 0ms
getTemplateReferences: 0ms
getTemplateReferences: 0ms
updated: ng - 92ms
getDiagnostics: 72ms
updating project structure from ...
getTemplateReferences: 0ms
getTemplateReferences: 0ms
getTemplateReferences: 0ms
getTemplateReferences: 0ms
updated: ng - 0ms
getDiagnostics: 66ms
updating project structure from ...
getTemplateReferences: 0ms
getTemplateReferences: 2ms
getTemplateReferences: 0ms
getTemplateReferences: 0ms
updated: ng - 89ms
getHoverAt: 0ms
getHoverAt: 0ms
getHoverAt: 2ms
getCompletions: 51ms
getDiagnostics: 128ms
updating project structure from ...
getTemplateReferences: 0ms
getTemplateReferences: 0ms
getTemplateReferences: 0ms
getTemplateReferences: 0ms
updated: ng - 0ms
getHoverAt: 0ms
getHoverAt: 1ms
getHoverAt: 1ms
getDiagnostics: 87ms
updating project structure from ...
getTemplateReferences: 0ms
getTemplateReferences: 0ms
getTemplateReferences: 0ms
getTemplateReferences: 0ms
updated: ng - 72ms
getDiagnostics: 59ms
updating project structure from ...
getTemplateReferences: 2ms
getTemplateReferences: 0ms
getTemplateReferences: 0ms
getTemplateReferences: 0ms
updated: ng - 0ms
getDiagnostics: 58ms
getDiagnostics: 118ms
getDiagnostics: 98ms
updating project structure from ...
getTemplateReferences: 1ms
getTemplateReferences: 0ms
getTemplateReferences: 0ms
getTemplateReferences: 0ms
updated: ng - 53ms
getHoverAt: 1ms
getDiagnostics: 143ms
updating project structure from ...
getTemplateReferences: 0ms
getTemplateReferences: 0ms
getTemplateReferences: 0ms
getTemplateReferences: 0ms
updated: ng - 0ms
getDiagnostics: 79ms
updating project structure from ...
getTemplateReferences: 0ms
getTemplateReferences: 0ms
getTemplateReferences: 0ms
getTemplateReferences: 0ms
updated: ng - 78ms
getHoverAt: 99ms
getDiagnostics: 65ms
getHoverAt: 4ms
updating project structure from ...
getTemplateReferences: 0ms
getTemplateReferences: 0ms
getTemplateReferences: 0ms
getTemplateReferences: 0ms
updated: ng - 0ms
getHoverAt: 4ms
getDiagnostics: 54ms
updating project structure from ...
getTemplateReferences: 0ms
getTemplateReferences: 0ms
getTemplateReferences: 0ms
getTemplateReferences: 0ms
updated: ng - 82ms
getHoverAt: 0ms
getHoverAt: 1ms
getDiagnostics: 120ms
updating project structure from ...
getTemplateReferences: 0ms
getTemplateReferences: 0ms
getTemplateReferences: 0ms
getTemplateReferences: 0ms
updated: ng - 0ms
getHoverAt: 1ms
getHoverAt: 1ms
getDiagnostics: 59ms
getHoverAt: 1ms
updating project structure from ...
getTemplateReferences: 0ms
getTemplateReferences: 0ms
getTemplateReferences: 0ms
getTemplateReferences: 0ms
updated: ng - 49ms
getDiagnostics: 114ms
updating project structure from ...
getTemplateReferences: 0ms
getTemplateReferences: 0ms
getTemplateReferences: 0ms
getTemplateReferences: 0ms
updated: ng - 0ms
getHoverAt: 1ms
getHoverAt: 1ms
getDiagnostics: 119ms
updating project structure from ...
getTemplateReferences: 0ms
getTemplateReferences: 0ms
getTemplateReferences: 0ms
getTemplateReferences: 1ms
updated: ng - 112ms
getHoverAt: 99ms
getDiagnostics: 48ms
updating project structure from ...
getTemplateReferences: 0ms
getTemplateReferences: 0ms
getTemplateReferences: 0ms
getTemplateReferences: 0ms
updated: ng - 0ms
getDiagnostics: 131ms
getHoverAt: 0ms
updating project structure from ...
getTemplateReferences: 0ms
getTemplateReferences: 0ms
getTemplateReferences: 0ms
getTemplateReferences: 0ms
updated: ng - 48ms
getHoverAt: 1ms
remove project: /opt/lampp/htdocs/Refactor2.0/templates/usuarios.html
Search path: /opt/lampp/htdocs/Refactor2.0/templates
No config files found.
getTemplateReferences: 0ms
Angular Language Service: 5.2.2-250c8da
TypeScript: 2.6.2
getTemplateReferences: 43ms
getDiagnostics: 5ms
updating project structure from ...
getTemplateReferences: 0ms
getTemplateReferences: 0ms
getTemplateReferences: 0ms
getTemplateReferences: 0ms
updated: ng - 0ms
getHoverAt: 1ms
getCompletions: 92ms
getDiagnostics: 76ms
updating project structure from ...
getTemplateReferences: 0ms
getTemplateReferences: 0ms
getTemplateReferences: 0ms
getTemplateReferences: 0ms
updated: ng - 34ms
getCompletions: 85ms
getCompletions: 93ms
getDiagnostics: 216ms
updating project structure from ...
getTemplateReferences: 0ms
getTemplateReferences: 0ms
getTemplateReferences: 0ms
getTemplateReferences: 0ms
updated: ng - 0ms
remove project: /opt/lampp/htdocs/Refactor2.0/templates/usuarios.html
Search path: /opt/lampp/htdocs/Refactor2.0/templates
No config files found.
getTemplateReferences: 0ms
Angular Language Service: 5.2.2-250c8da
TypeScript: 2.6.2
getTemplateReferences: 74ms
getDiagnostics: 4ms
updating project structure from ...
getTemplateReferences: 0ms
getTemplateReferences: 0ms
getTemplateReferences: 0ms
getTemplateReferences: 0ms
updated: ng - 0ms
getHoverAt: 1ms
getHoverAt: 1ms
getHoverAt: 2ms
getHoverAt: 0ms
getHoverAt: 1ms
getDiagnostics: 105ms
updating project structure from ...
getTemplateReferences: 0ms
getTemplateReferences: 0ms
getTemplateReferences: 0ms
getTemplateReferences: 0ms
updated: ng - 64ms
getHoverAt: 0ms
getDiagnostics: 103ms
updating project structure from ...
getTemplateReferences: 0ms
getTemplateReferences: 0ms
getTemplateReferences: 0ms
getTemplateReferences: 0ms
updated: ng - 0ms
getHoverAt: 1ms
getCompletions: 89ms
getDiagnostics: 106ms
getHoverAt: 1ms
updating project structure from ...
getTemplateReferences: 0ms
getTemplateReferences: 0ms
getTemplateReferences: 0ms
getTemplateReferences: 0ms
updated: ng - 67ms
getHoverAt: 0ms
getCompletions: 97ms
getCompletions: 42ms
getDiagnostics: 51ms
updating project structure from ...
getTemplateReferences: 0ms
getTemplateReferences: 0ms
getTemplateReferences: 1ms
getTemplateReferences: 0ms
updated: ng - 0ms
getCompletions: 89ms
getDiagnostics: 99ms
getCompletions: 90ms
getCompletions: 72ms
getDiagnostics: 33ms
getHoverAt: 1ms
getHoverAt: 1ms
updating project structure from ...
getTemplateReferences: 0ms
getTemplateReferences: 0ms
getTemplateReferences: 0ms
getTemplateReferences: 0ms
updated: ng - 45ms
getCompletions: 114ms
getDiagnostics: 166ms
getHoverAt: 2ms
getHoverAt: 1ms
updating project structure from ...
getTemplateReferences: 0ms
getTemplateReferences: 0ms
getTemplateReferences: 0ms
getTemplateReferences: 0ms
updated: ng - 0ms
getCompletions: 71ms
getCompletions: 106ms
getCompletions: 68ms
getDiagnostics: 94ms
updating project structure from ...
getTemplateReferences: 0ms
getTemplateReferences: 0ms
getTemplateReferences: 0ms
getTemplateReferences: 0ms
updated: ng - 71ms
getDiagnostics: 115ms
getCompletions: 89ms
getCompletions: 109ms
getCompletions: 114ms
getCompletions: 64ms
getDiagnostics: 11ms
getCompletions: 90ms
getCompletions: 119ms
getDiagnostics: 103ms
updating project structure from ...
getTemplateReferences: 0ms
getTemplateReferences: 0ms
getTemplateReferences: 0ms
getTemplateReferences: 0ms
updated: ng - 75ms
getDiagnostics: 101ms
getHoverAt: 1ms
updating project structure from ...
getTemplateReferences: 0ms
getTemplateReferences: 0ms
getTemplateReferences: 0ms
getTemplateReferences: 0ms
updated: ng - 0ms
getHoverAt: 1ms
getHoverAt: 2ms
getHoverAt: 1ms
getHoverAt: 1ms
getDiagnostics: 90ms
getCompletions: 67ms
getDiagnostics: 85ms
updating project structure from ...
getTemplateReferences: 0ms
getTemplateReferences: 0ms
getTemplateReferences: 0ms
getTemplateReferences: 0ms
updated: ng - 76ms
getHoverAt: 1ms
getHoverAt: 1ms
getHoverAt: 1ms
getDiagnostics: 121ms
updating project structure from ...
getTemplateReferences: 0ms
getTemplateReferences: 0ms
getTemplateReferences: 0ms
getTemplateReferences: 0ms
updated: ng - 0ms
getDiagnostics: 84ms
getDiagnostics: 77ms
updating project structure from ...
getTemplateReferences: 0ms
getTemplateReferences: 0ms
getTemplateReferences: 0ms
getTemplateReferences: 0ms
updated: ng - 62ms
getHoverAt: 2ms
getHoverAt: 1ms
getDiagnostics: 89ms
getHoverAt: 0ms
updating project structure from ...
getTemplateReferences: 0ms
getTemplateReferences: 0ms
getTemplateReferences: 0ms
getTemplateReferences: 0ms
updated: ng - 0ms
getHoverAt: 1ms
getHoverAt: 2ms
getHoverAt: 1ms
getHoverAt: 1ms
getDiagnostics: 115ms
updating project structure from ...
getTemplateReferences: 0ms
getTemplateReferences: 0ms
getTemplateReferences: 0ms
getTemplateReferences: 0ms
updated: ng - 64ms
getHoverAt: 2ms
getHoverAt: 1ms
getDiagnostics: 147ms
getHoverAt: 0ms
updating project structure from ...
getTemplateReferences: 0ms
getTemplateReferences: 0ms
getTemplateReferences: 0ms
getTemplateReferences: 0ms
updated: ng - 0ms
getCompletions: 92ms
getCompletions: 70ms
getDiagnostics: 81ms
updating project structure from ...
getTemplateReferences: 0ms
getTemplateReferences: 0ms
getTemplateReferences: 0ms
getTemplateReferences: 2ms
updated: ng - 43ms
getHoverAt: 3ms
getHoverAt: 1ms
getDiagnostics: 52ms
getDiagnostics: 110ms
getDiagnostics: 89ms
updating project structure from ...
getTemplateReferences: 0ms
getTemplateReferences: 0ms
getTemplateReferences: 0ms
getTemplateReferences: 0ms
updated: ng - 69ms
getDiagnostics: 83ms
updating project structure from ...
getTemplateReferences: 0ms
getTemplateReferences: 0ms
getTemplateReferences: 0ms
getTemplateReferences: 0ms
updated: ng - 0ms
getDiagnostics: 92ms
getDiagnostics: 69ms
getDiagnostics: 60ms
getHoverAt: 2ms
updating project structure from ...
getTemplateReferences: 0ms
getTemplateReferences: 0ms
getTemplateReferences: 0ms
getTemplateReferences: 0ms
updated: ng - 43ms
getCompletions: 92ms
getCompletions: 114ms
getCompletions: 109ms
getDiagnostics: 40ms
updating project structure from ...
getTemplateReferences: 0ms
getTemplateReferences: 0ms
getTemplateReferences: 0ms
getTemplateReferences: 0ms
updated: ng - 0ms
getHoverAt: 1ms
getHoverAt: 1ms
getHoverAt: 0ms
getHoverAt: 1ms
getHoverAt: 0ms
getHoverAt: 2ms
getHoverAt: 2ms
getHoverAt: 1ms
getHoverAt: 2ms
getHoverAt: 4ms
remove project: /opt/lampp/htdocs/Refactor2.0/templates/usuarios.html
Search path: /opt/lampp/htdocs/Refactor2.0/templates
No config files found.
getTemplateReferences: 0ms
Angular Language Service: 5.2.2-250c8da
TypeScript: 2.6.2
getTemplateReferences: 66ms
getDiagnostics: 8ms
updating project structure from ...
getTemplateReferences: 0ms
getTemplateReferences: 0ms
getTemplateReferences: 0ms
getTemplateReferences: 0ms
updated: ng - 0ms
getHoverAt: 2ms
getHoverAt: 1ms
getHoverAt: 3ms
getHoverAt: 1ms
getHoverAt: 2ms
getHoverAt: 1ms
getHoverAt: 0ms
getHoverAt: 1ms
getHoverAt: 1ms
getHoverAt: 1ms
getHoverAt: 2ms
getHoverAt: 1ms
getHoverAt: 2ms
getHoverAt: 4ms
getHoverAt: 1ms
getHoverAt: 1ms
getHoverAt: 1ms
getHoverAt: 2ms
getHoverAt: 2ms
getHoverAt: 1ms
getHoverAt: 1ms
getHoverAt: 68ms
getDiagnostics: 10ms
updating project structure from ...
getTemplateReferences: 0ms
getTemplateReferences: 0ms
getTemplateReferences: 0ms
getTemplateReferences: 0ms
updated: ng - 42ms
updating project structure from ...
getTemplateReferences: 0ms
getTemplateReferences: 0ms
getTemplateReferences: 0ms
getTemplateReferences: 0ms
updated: ng - 0ms
getHoverAt: 1ms
getHoverAt: 1ms
getHoverAt: 1ms
getHoverAt: 1ms
getDiagnostics: 47ms
updating project structure from ...
getTemplateReferences: 0ms
getTemplateReferences: 0ms
getTemplateReferences: 0ms
getTemplateReferences: 0ms
updated: ng - 32ms
getHoverAt: 2ms
remove project: /opt/lampp/htdocs/Refactor2.0/templates/usuarios.html
Search path: /opt/lampp/htdocs/Refactor2.0/templates
No config files found.
getTemplateReferences: 0ms
Angular Language Service: 5.2.2-250c8da
TypeScript: 2.6.2
getTemplateReferences: 73ms
getDiagnostics: 10ms
updating project structure from ...
getTemplateReferences: 0ms
getTemplateReferences: 0ms
getTemplateReferences: 0ms
getTemplateReferences: 0ms
updated: ng - 0ms
Search path: /opt/lampp/htdocs/Refactor2.0/templates
No config files found.
getTemplateReferences: 0ms
getTemplateReferences: 0ms
Angular Language Service: 5.2.2-250c8da
TypeScript: 2.6.2
getTemplateReferences: 42ms
getDiagnostics: 2ms
getHoverAt: 0ms
getHoverAt: 0ms
getHoverAt: 1ms
getHoverAt: 1ms
getDiagnostics: 43ms
getDiagnostics: 115ms
getDiagnostics: 63ms
updating project structure from ...
getTemplateReferences: 0ms
getTemplateReferences: 0ms
getTemplateReferences: 0ms
getTemplateReferences: 0ms
getTemplateReferences: 0ms
getTemplateReferences: 0ms
getTemplateReferences: 0ms
getTemplateReferences: 0ms
getTemplateReferences: 0ms
updated: ng - 48ms
getDiagnostics: 78ms
getDiagnostics: 85ms
getDiagnostics: 24ms
getHoverAt: 0ms
updating project structure from ...
getTemplateReferences: 0ms
getTemplateReferences: 0ms
getTemplateReferences: 0ms
getTemplateReferences: 0ms
getTemplateReferences: 0ms
getTemplateReferences: 0ms
getTemplateReferences: 0ms
getTemplateReferences: 0ms
getTemplateReferences: 0ms
updated: ng - 61ms
remove project: /opt/lampp/htdocs/Refactor2.0/templates/menu.html
Search path: /opt/lampp/htdocs/Refactor2.0/templates
No config files found.
getTemplateReferences: 0ms
getTemplateReferences: 0ms
Angular Language Service: 5.2.2-250c8da
TypeScript: 2.6.2
getTemplateReferences: 55ms
getDiagnostics: 6ms
updating project structure from ...
getTemplateReferences: 0ms
getTemplateReferences: 0ms
getTemplateReferences: 0ms
getTemplateReferences: 0ms
getTemplateReferences: 0ms
getTemplateReferences: 0ms
getTemplateReferences: 0ms
getTemplateReferences: 0ms
getTemplateReferences: 0ms
updated: ng - 0ms
Search path: /opt/lampp/htdocs/Refactor2.0
No config files found.
getTemplateReferences: 0ms
getTemplateReferences: 0ms
getTemplateReferences: 0ms
Angular Language Service: 5.2.2-250c8da
TypeScript: 2.6.2
getTemplateReferences: 59ms
getDiagnostics: 5ms
getHoverAt: 2ms
getDiagnostics: 79ms
remove project: /opt/lampp/htdocs/Refactor2.0/index.html
Search path: /opt/lampp/htdocs/Refactor2.0
No config files found.
getTemplateReferences: 0ms
getTemplateReferences: 0ms
getTemplateReferences: 0ms
Angular Language Service: 5.2.2-250c8da
TypeScript: 2.6.2
getTemplateReferences: 55ms
updating project structure from ...
getTemplateReferences: 0ms
getTemplateReferences: 0ms
getTemplateReferences: 0ms
getTemplateReferences: 0ms
getTemplateReferences: 0ms
getTemplateReferences: 0ms
getTemplateReferences: 0ms
getTemplateReferences: 0ms
getTemplateReferences: 0ms
getTemplateReferences: 0ms
getTemplateReferences: 0ms
getTemplateReferences: 0ms
getTemplateReferences: 0ms
getTemplateReferences: 0ms
getTemplateReferences: 0ms
getTemplateReferences: 0ms
updated: ng - 0ms
getDiagnostics: 4ms
updating project structure from ...
getTemplateReferences: 0ms
getTemplateReferences: 0ms
getTemplateReferences: 0ms
getTemplateReferences: 0ms
getTemplateReferences: 0ms
getTemplateReferences: 0ms
getTemplateReferences: 0ms
getTemplateReferences: 0ms
getTemplateReferences: 0ms
getTemplateReferences: 0ms
getTemplateReferences: 0ms
getTemplateReferences: 0ms
getTemplateReferences: 0ms
getTemplateReferences: 0ms
getTemplateReferences: 0ms
getTemplateReferences: 0ms
updated: ng - 0ms
