Search path: /opt/lampp/htdocs/Refactor2.0/templates
No config files found.
Angular Language Service: 5.2.2-250c8da
TypeScript: 2.6.2
getTemplateReferences: 166ms
getDiagnostics: 21ms
getHoverAt: 3ms
getCompletions: 95ms
getDiagnostics: 42ms
getCompletions: 46ms
getCompletions: 46ms
getCompletions: 57ms
getCompletions: 43ms
getCompletions: 33ms
getCompletions: 73ms
getDiagnostics: 39ms
getDiagnostics: 71ms
remove project: /opt/lampp/htdocs/Refactor2.0/templates/clinicas.html
Search path: /opt/lampp/htdocs/Refactor2.0/templates
No config files found.
Angular Language Service: 5.2.2-250c8da
TypeScript: 2.6.2
getTemplateReferences: 48ms
updating project structure from ...
getTemplateReferences: 0ms
updated: ng - 0ms
getDiagnostics: 1ms
updating project structure from ...
getTemplateReferences: 0ms
updated: ng - 0ms
Search path: /opt/lampp/htdocs/Refactor2.0/templates
No config files found.
getTemplateReferences: 0ms
Angular Language Service: 5.2.2-250c8da
TypeScript: 2.6.2
getTemplateReferences: 79ms
getDiagnostics: 4ms
Search path: /opt/lampp/htdocs/Refactor2.0/templates
No config files found.
getTemplateReferences: 0ms
getTemplateReferences: 0ms
Angular Language Service: 5.2.2-250c8da
TypeScript: 2.6.2
getTemplateReferences: 86ms
getDiagnostics: 1ms
remove project: /opt/lampp/htdocs/Refactor2.0/templates/asd.html
Search path: /opt/lampp/htdocs/Refactor2.0
No config files found.
getTemplateReferences: 0ms
getTemplateReferences: 0ms
Angular Language Service: 5.2.2-250c8da
TypeScript: 2.6.2
getTemplateReferences: 92ms
getDiagnostics: 10ms
getDiagnostics: 53ms
getHoverAt: 3ms
updating project structure from ...
getTemplateReferences: 0ms
getTemplateReferences: 0ms
getTemplateReferences: 0ms
getTemplateReferences: 0ms
getTemplateReferences: 0ms
getTemplateReferences: 0ms
getTemplateReferences: 0ms
getTemplateReferences: 0ms
getTemplateReferences: 0ms
updated: ng - 45ms
getHoverAt: 0ms
getDiagnostics: 48ms
getDiagnostics: 19ms
getHoverAt: 1ms
updating project structure from ...
getTemplateReferences: 0ms
getTemplateReferences: 0ms
getTemplateReferences: 0ms
getTemplateReferences: 0ms
getTemplateReferences: 0ms
getTemplateReferences: 0ms
getTemplateReferences: 0ms
getTemplateReferences: 0ms
getTemplateReferences: 0ms
updated: ng - 40ms
getDiagnostics: 34ms
updating project structure from ...
getTemplateReferences: 0ms
getTemplateReferences: 0ms
getTemplateReferences: 0ms
getTemplateReferences: 0ms
getTemplateReferences: 0ms
getTemplateReferences: 0ms
getTemplateReferences: 0ms
getTemplateReferences: 0ms
getTemplateReferences: 0ms
updated: ng - 0ms
getHoverAt: 0ms
getDiagnostics: 19ms
getCompletions: 20ms
getDiagnostics: 43ms
remove project: /opt/lampp/htdocs/Refactor2.0/index.html
Search path: /opt/lampp/htdocs/Refactor2.0
No config files found.
getTemplateReferences: 0ms
getTemplateReferences: 0ms
Angular Language Service: 5.2.2-250c8da
TypeScript: 2.6.2
getTemplateReferences: 65ms
updating project structure from ...
getTemplateReferences: 0ms
getTemplateReferences: 0ms
getTemplateReferences: 0ms
getTemplateReferences: 0ms
getTemplateReferences: 0ms
getTemplateReferences: 0ms
getTemplateReferences: 0ms
getTemplateReferences: 0ms
getTemplateReferences: 0ms
updated: ng - 0ms
getDiagnostics: 2ms
updating project structure from ...
getTemplateReferences: 0ms
getTemplateReferences: 0ms
getTemplateReferences: 0ms
getTemplateReferences: 0ms
getTemplateReferences: 0ms
getTemplateReferences: 0ms
getTemplateReferences: 0ms
getTemplateReferences: 0ms
getTemplateReferences: 0ms
updated: ng - 0ms
getHoverAt: 58ms
getDiagnostics: 10ms
updating project structure from ...
getTemplateReferences: 0ms
getTemplateReferences: 0ms
getTemplateReferences: 0ms
getTemplateReferences: 0ms
getTemplateReferences: 0ms
getTemplateReferences: 0ms
getTemplateReferences: 0ms
getTemplateReferences: 0ms
getTemplateReferences: 0ms
updated: ng - 69ms
updating project structure from ...
getTemplateReferences: 0ms
getTemplateReferences: 0ms
getTemplateReferences: 0ms
getTemplateReferences: 0ms
getTemplateReferences: 0ms
getTemplateReferences: 0ms
getTemplateReferences: 0ms
getTemplateReferences: 0ms
getTemplateReferences: 0ms
updated: ng - 0ms
getHoverAt: 1ms
remove project: /opt/lampp/htdocs/Refactor2.0/templates/clinicas.html
Search path: /opt/lampp/htdocs/Refactor2.0/templates
No config files found.
getTemplateReferences: 0ms
getTemplateReferences: 0ms
Angular Language Service: 5.2.2-250c8da
TypeScript: 2.6.2
getTemplateReferences: 63ms
getDiagnostics: 2ms
updating project structure from ...
getTemplateReferences: 0ms
getTemplateReferences: 0ms
getTemplateReferences: 0ms
getTemplateReferences: 0ms
getTemplateReferences: 0ms
getTemplateReferences: 0ms
getTemplateReferences: 0ms
getTemplateReferences: 0ms
getTemplateReferences: 0ms
updated: ng - 0ms
getHoverAt: 1ms
getHoverAt: 0ms
getHoverAt: 1ms
getHoverAt: 1ms
getHoverAt: 3ms
getHoverAt: 1ms
getHoverAt: 0ms
getDiagnostics: 76ms
updating project structure from ...
getTemplateReferences: 0ms
getTemplateReferences: 0ms
getTemplateReferences: 0ms
getTemplateReferences: 0ms
getTemplateReferences: 0ms
getTemplateReferences: 0ms
getTemplateReferences: 0ms
getTemplateReferences: 0ms
getTemplateReferences: 0ms
updated: ng - 45ms
updating project structure from ...
getTemplateReferences: 0ms
getTemplateReferences: 0ms
getTemplateReferences: 0ms
getTemplateReferences: 0ms
getTemplateReferences: 0ms
getTemplateReferences: 0ms
getTemplateReferences: 0ms
getTemplateReferences: 0ms
getTemplateReferences: 0ms
updated: ng - 0ms
getDiagnostics: 50ms
updating project structure from ...
getTemplateReferences: 0ms
getTemplateReferences: 0ms
getTemplateReferences: 0ms
getTemplateReferences: 1ms
getTemplateReferences: 0ms
getTemplateReferences: 0ms
getTemplateReferences: 0ms
getTemplateReferences: 0ms
getTemplateReferences: 0ms
updated: ng - 52ms
remove project: /opt/lampp/htdocs/Refactor2.0/index.html
Search path: /opt/lampp/htdocs/Refactor2.0
No config files found.
getTemplateReferences: 1ms
getTemplateReferences: 0ms
Angular Language Service: 5.2.2-250c8da
TypeScript: 2.6.2
getTemplateReferences: 62ms
getDiagnostics: 2ms
updating project structure from ...
getTemplateReferences: 0ms
getTemplateReferences: 0ms
getTemplateReferences: 0ms
getTemplateReferences: 0ms
getTemplateReferences: 0ms
getTemplateReferences: 0ms
getTemplateReferences: 0ms
getTemplateReferences: 0ms
getTemplateReferences: 0ms
updated: ng - 0ms
getCompletions: 27ms
getDiagnostics: 9ms
getDiagnostics: 26ms
getDiagnostics: 15ms
updating project structure from ...
getTemplateReferences: 0ms
getTemplateReferences: 0ms
getTemplateReferences: 1ms
getTemplateReferences: 0ms
getTemplateReferences: 0ms
getTemplateReferences: 0ms
getTemplateReferences: 0ms
getTemplateReferences: 0ms
getTemplateReferences: 0ms
updated: ng - 26ms
getCompletions: 45ms
getDiagnostics: 8ms
getDiagnostics: 64ms
getCompletions: 51ms
getCompletions: 47ms
getDiagnostics: 6ms
updating project structure from ...
getTemplateReferences: 0ms
getTemplateReferences: 0ms
getTemplateReferences: 0ms
getTemplateReferences: 0ms
getTemplateReferences: 0ms
getTemplateReferences: 0ms
getTemplateReferences: 0ms
getTemplateReferences: 0ms
getTemplateReferences: 0ms
updated: ng - 50ms
getCompletions: 47ms
getCompletions: 40ms
getCompletions: 44ms
getCompletions: 47ms
getCompletions: 46ms
getCompletions: 36ms
getDiagnostics: 36ms
getDiagnostics: 67ms
remove project: /opt/lampp/htdocs/Refactor2.0/templates/clinicas.html
Search path: /opt/lampp/htdocs/Refactor2.0/templates
No config files found.
getTemplateReferences: 0ms
getTemplateReferences: 0ms
Angular Language Service: 5.2.2-250c8da
TypeScript: 2.6.2
getTemplateReferences: 54ms
updating project structure from ...
getTemplateReferences: 1ms
getTemplateReferences: 0ms
getTemplateReferences: 0ms
getTemplateReferences: 0ms
getTemplateReferences: 0ms
getTemplateReferences: 0ms
getTemplateReferences: 0ms
getTemplateReferences: 0ms
getTemplateReferences: 1ms
updated: ng - 0ms
getDiagnostics: 3ms
updating project structure from ...
getTemplateReferences: 0ms
getTemplateReferences: 0ms
getTemplateReferences: 0ms
getTemplateReferences: 0ms
getTemplateReferences: 0ms
getTemplateReferences: 0ms
getTemplateReferences: 0ms
getTemplateReferences: 0ms
getTemplateReferences: 0ms
updated: ng - 0ms
getDiagnostics: 20ms
updating project structure from ...
getTemplateReferences: 0ms
getTemplateReferences: 0ms
getTemplateReferences: 0ms
getTemplateReferences: 0ms
getTemplateReferences: 0ms
getTemplateReferences: 0ms
getTemplateReferences: 0ms
getTemplateReferences: 0ms
getTemplateReferences: 0ms
updated: ng - 1ms
remove project: /opt/lampp/htdocs/Refactor2.0/index.html
Search path: /opt/lampp/htdocs/Refactor2.0
No config files found.
getTemplateReferences: 0ms
getTemplateReferences: 0ms
Angular Language Service: 5.2.2-250c8da
TypeScript: 2.6.2
getTemplateReferences: 61ms
getDiagnostics: 1ms
updating project structure from ...
getTemplateReferences: 0ms
getTemplateReferences: 0ms
getTemplateReferences: 0ms
getTemplateReferences: 0ms
getTemplateReferences: 0ms
getTemplateReferences: 0ms
getTemplateReferences: 0ms
getTemplateReferences: 0ms
getTemplateReferences: 0ms
updated: ng - 0ms
