[2018-03-13 10:09:19.003] [sharedprocess] [info] main {"machineId":"77b67844b7b161c7209679d09b28c2baf49d079687ea5f4b570c794bf1c1fbd8"}
[2018-03-13 10:09:19.073] [sharedprocess] [info] Scanned user extensions: 15
[2018-03-13 10:09:19.114] [sharedprocess] [info] Scanned system extensions: 65
[2018-03-13 10:09:20.752] [sharedprocess] [info] Scanned user extensions: 15
[2018-03-13 10:09:20.754] [sharedprocess] [info] Scanned user extensions: 15
[2018-03-13 10:09:20.767] [sharedprocess] [info] Scanned user extensions: 15
[2018-03-13 10:09:20.794] [sharedprocess] [info] Scanned system extensions: 65
[2018-03-13 10:09:20.800] [sharedprocess] [info] Scanned system extensions: 65
[2018-03-13 10:09:23.420] [sharedprocess] [info] Scanned user extensions: 15
[2018-03-13 10:09:51.891] [sharedprocess] [info] Scanned user extensions: 15
[2018-03-13 10:09:51.898] [sharedprocess] [info] Scanned user extensions: 15
[2018-03-13 10:09:51.914] [sharedprocess] [info] Scanned user extensions: 15
[2018-03-13 10:09:51.979] [sharedprocess] [info] Scanned system extensions: 65
[2018-03-13 10:09:51.988] [sharedprocess] [info] Scanned system extensions: 65
[2018-03-13 10:09:54.410] [sharedprocess] [info] Scanned user extensions: 15
[2018-03-13 10:09:59.010] [sharedprocess] [info] Starting to clean up unused language packs.
[2018-03-13 10:14:54.493] [sharedprocess] [info] Scanned user extensions: 15
[2018-03-13 10:19:54.523] [sharedprocess] [info] Scanned user extensions: 15
[2018-03-13 10:24:54.572] [sharedprocess] [info] Scanned user extensions: 15
[2018-03-13 10:29:54.640] [sharedprocess] [info] Scanned user extensions: 15
[2018-03-13 10:29:55.798] [sharedprocess] [info] Scanned user extensions: 15
[2018-03-13 10:29:55.803] [sharedprocess] [info] Scanned user extensions: 15
[2018-03-13 10:29:55.810] [sharedprocess] [info] Scanned user extensions: 15
[2018-03-13 10:29:55.858] [sharedprocess] [info] Scanned system extensions: 65
[2018-03-13 10:29:55.863] [sharedprocess] [info] Scanned system extensions: 65
[2018-03-13 10:34:54.712] [sharedprocess] [info] Scanned user extensions: 15
[2018-03-13 10:39:54.794] [sharedprocess] [info] Scanned user extensions: 15
[2018-03-13 10:44:54.827] [sharedprocess] [info] Scanned user extensions: 15
[2018-03-13 10:49:54.866] [sharedprocess] [info] Scanned user extensions: 15
[2018-03-13 10:54:54.947] [sharedprocess] [info] Scanned user extensions: 15
[2018-03-13 10:59:55.001] [sharedprocess] [info] Scanned user extensions: 15
[2018-03-13 11:04:55.056] [sharedprocess] [info] Scanned user extensions: 15
[2018-03-13 11:05:13.997] [sharedprocess] [info] Installing extension: vscode-color
[2018-03-13 11:05:15.912] [sharedprocess] [info] Downloaded extension: vscode-color
[2018-03-13 11:05:16.033] [sharedprocess] [info] Extracted extension to /home/lblanco/.vscode/extensions/anseki.vscode-color-0.4.5: anseki.vscode-color-0.4.5
[2018-03-13 11:05:16.075] [sharedprocess] [info] Updated metadata of the extension: anseki.vscode-color-0.4.5
[2018-03-13 11:05:16.076] [sharedprocess] [info] Extensions installed successfully: anseki.vscode-color
[2018-03-13 11:05:16.345] [sharedprocess] [info] Scanned user extensions: 16
[2018-03-13 11:05:16.374] [sharedprocess] [info] Scanned system extensions: 65
[2018-03-13 11:06:21.089] [sharedprocess] [info] Scanned user extensions: 16
[2018-03-13 11:06:21.093] [sharedprocess] [info] Scanned user extensions: 16
[2018-03-13 11:06:21.099] [sharedprocess] [info] Scanned user extensions: 16
[2018-03-13 11:06:21.105] [sharedprocess] [info] Scanned user extensions: 16
[2018-03-13 11:06:21.107] [sharedprocess] [info] Scanned user extensions: 16
[2018-03-13 11:06:21.157] [sharedprocess] [info] Scanned system extensions: 65
[2018-03-13 11:06:21.166] [sharedprocess] [info] Scanned system extensions: 65
[2018-03-13 11:06:21.171] [sharedprocess] [info] Scanned system extensions: 65
[2018-03-13 11:06:24.385] [sharedprocess] [info] Scanned user extensions: 16
[2018-03-13 11:11:24.618] [sharedprocess] [info] Scanned user extensions: 16
[2018-03-13 11:16:24.669] [sharedprocess] [info] Scanned user extensions: 16
[2018-03-13 11:21:24.740] [sharedprocess] [info] Scanned user extensions: 16
[2018-03-13 11:26:24.821] [sharedprocess] [info] Scanned user extensions: 16
[2018-03-13 11:31:24.885] [sharedprocess] [info] Scanned user extensions: 16
[2018-03-13 11:36:24.914] [sharedprocess] [info] Scanned user extensions: 16
[2018-03-13 11:41:24.990] [sharedprocess] [info] Scanned user extensions: 16
[2018-03-13 11:46:25.034] [sharedprocess] [info] Scanned user extensions: 16
[2018-03-13 11:51:25.099] [sharedprocess] [info] Scanned user extensions: 16
[2018-03-13 11:56:25.173] [sharedprocess] [info] Scanned user extensions: 16
[2018-03-13 12:01:25.211] [sharedprocess] [info] Scanned user extensions: 16
[2018-03-13 12:06:25.292] [sharedprocess] [info] Scanned user extensions: 16
[2018-03-13 12:11:25.460] [sharedprocess] [info] Scanned user extensions: 16
[2018-03-13 12:16:25.530] [sharedprocess] [info] Scanned user extensions: 16
[2018-03-13 12:21:25.614] [sharedprocess] [info] Scanned user extensions: 16
[2018-03-13 12:26:25.694] [sharedprocess] [info] Scanned user extensions: 16
[2018-03-13 12:31:25.731] [sharedprocess] [info] Scanned user extensions: 16
[2018-03-13 12:36:25.766] [sharedprocess] [info] Scanned user extensions: 16
[2018-03-13 12:41:25.795] [sharedprocess] [info] Scanned user extensions: 16
[2018-03-13 12:46:25.844] [sharedprocess] [info] Scanned user extensions: 16
[2018-03-13 12:51:25.863] [sharedprocess] [info] Scanned user extensions: 16
[2018-03-13 12:56:25.906] [sharedprocess] [info] Scanned user extensions: 16
[2018-03-13 13:01:25.949] [sharedprocess] [info] Scanned user extensions: 16
[2018-03-13 13:06:26.001] [sharedprocess] [info] Scanned user extensions: 16
[2018-03-13 13:11:26.150] [sharedprocess] [info] Scanned user extensions: 16
[2018-03-13 13:16:26.191] [sharedprocess] [info] Scanned user extensions: 16
[2018-03-13 13:21:26.236] [sharedprocess] [info] Scanned user extensions: 16
[2018-03-13 13:26:26.275] [sharedprocess] [info] Scanned user extensions: 16
[2018-03-13 13:31:26.323] [sharedprocess] [info] Scanned user extensions: 16
[2018-03-13 13:36:26.362] [sharedprocess] [info] Scanned user extensions: 16
[2018-03-13 13:41:26.401] [sharedprocess] [info] Scanned user extensions: 16
[2018-03-13 13:46:26.445] [sharedprocess] [info] Scanned user extensions: 16
[2018-03-13 13:51:26.487] [sharedprocess] [info] Scanned user extensions: 16
[2018-03-13 13:56:26.528] [sharedprocess] [info] Scanned user extensions: 16
[2018-03-13 14:01:26.576] [sharedprocess] [info] Scanned user extensions: 16
[2018-03-13 14:06:26.615] [sharedprocess] [info] Scanned user extensions: 16
[2018-03-13 14:11:26.805] [sharedprocess] [info] Scanned user extensions: 16
[2018-03-13 14:16:26.848] [sharedprocess] [info] Scanned user extensions: 16
[2018-03-13 14:21:26.892] [sharedprocess] [info] Scanned user extensions: 16
[2018-03-13 14:26:26.933] [sharedprocess] [info] Scanned user extensions: 16
[2018-03-13 14:31:26.981] [sharedprocess] [info] Scanned user extensions: 16
[2018-03-13 14:36:27.031] [sharedprocess] [info] Scanned user extensions: 16
[2018-03-13 14:41:27.050] [sharedprocess] [info] Scanned user extensions: 16
[2018-03-13 14:46:27.100] [sharedprocess] [info] Scanned user extensions: 16
[2018-03-13 14:51:27.140] [sharedprocess] [info] Scanned user extensions: 16
[2018-03-13 14:56:27.190] [sharedprocess] [info] Scanned user extensions: 16
[2018-03-13 15:01:27.242] [sharedprocess] [info] Scanned user extensions: 16
[2018-03-13 15:06:27.289] [sharedprocess] [info] Scanned user extensions: 16
[2018-03-13 15:11:27.549] [sharedprocess] [info] Scanned user extensions: 16
[2018-03-13 15:16:27.600] [sharedprocess] [info] Scanned user extensions: 16
[2018-03-13 15:21:27.639] [sharedprocess] [info] Scanned user extensions: 16
[2018-03-13 15:26:27.685] [sharedprocess] [info] Scanned user extensions: 16
[2018-03-13 15:31:27.748] [sharedprocess] [info] Scanned user extensions: 16
[2018-03-13 15:36:27.803] [sharedprocess] [info] Scanned user extensions: 16
[2018-03-13 15:41:27.848] [sharedprocess] [info] Scanned user extensions: 16
[2018-03-13 15:46:27.893] [sharedprocess] [info] Scanned user extensions: 16
[2018-03-13 15:51:27.946] [sharedprocess] [info] Scanned user extensions: 16
[2018-03-13 15:56:28.008] [sharedprocess] [info] Scanned user extensions: 16
[2018-03-13 16:01:28.067] [sharedprocess] [info] Scanned user extensions: 16
[2018-03-13 16:06:28.125] [sharedprocess] [info] Scanned user extensions: 16
[2018-03-13 16:11:28.419] [sharedprocess] [info] Scanned user extensions: 16
[2018-03-13 16:16:28.459] [sharedprocess] [info] Scanned user extensions: 16
[2018-03-13 16:21:28.478] [sharedprocess] [info] Scanned user extensions: 16
[2018-03-13 16:26:28.508] [sharedprocess] [info] Scanned user extensions: 16
[2018-03-13 16:31:28.571] [sharedprocess] [info] Scanned user extensions: 16
[2018-03-13 16:36:28.644] [sharedprocess] [info] Scanned user extensions: 16
[2018-03-13 16:41:28.670] [sharedprocess] [info] Scanned user extensions: 16
[2018-03-13 16:46:28.706] [sharedprocess] [info] Scanned user extensions: 16
[2018-03-13 16:51:28.751] [sharedprocess] [info] Scanned user extensions: 16
[2018-03-13 16:56:28.826] [sharedprocess] [info] Scanned user extensions: 16
[2018-03-13 17:01:28.873] [sharedprocess] [info] Scanned user extensions: 16
[2018-03-13 17:06:28.922] [sharedprocess] [info] Scanned user extensions: 16
[2018-03-13 17:10:28.813] [sharedprocess] [info] Scanned user extensions: 16
[2018-03-13 17:10:28.825] [sharedprocess] [info] Scanned user extensions: 16
[2018-03-13 17:10:28.829] [sharedprocess] [info] Scanned user extensions: 16
[2018-03-13 17:10:28.910] [sharedprocess] [info] Scanned system extensions: 65
[2018-03-13 17:10:28.919] [sharedprocess] [info] Scanned system extensions: 65
[2018-03-13 17:10:31.403] [sharedprocess] [info] Scanned user extensions: 16
[2018-03-13 17:11:08.685] [sharedprocess] [info] Scanned user extensions: 16
[2018-03-13 17:11:08.690] [sharedprocess] [info] Scanned user extensions: 16
[2018-03-13 17:11:08.723] [sharedprocess] [info] Scanned system extensions: 65
[2018-03-13 17:11:11.868] [sharedprocess] [info] Scanned user extensions: 16
[2018-03-13 17:16:14.322] [sharedprocess] [info] Scanned user extensions: 16
[2018-03-13 17:21:14.406] [sharedprocess] [info] Scanned user extensions: 16
[2018-03-13 17:26:14.458] [sharedprocess] [info] Scanned user extensions: 16
[2018-03-13 17:31:14.490] [sharedprocess] [info] Scanned user extensions: 16
[2018-03-13 17:36:14.549] [sharedprocess] [info] Scanned user extensions: 16
[2018-03-13 17:41:14.593] [sharedprocess] [info] Scanned user extensions: 16
[2018-03-13 17:43:04.138] [sharedprocess] [info] Scanned user extensions: 16
[2018-03-13 17:43:04.140] [sharedprocess] [info] Scanned user extensions: 16
[2018-03-13 17:43:04.173] [sharedprocess] [info] Scanned system extensions: 65
[2018-03-13 17:43:07.477] [sharedprocess] [info] Scanned user extensions: 16
[2018-03-13 17:46:26.321] [sharedprocess] [info] Scanned user extensions: 16
[2018-03-13 17:46:26.330] [sharedprocess] [info] Scanned user extensions: 16
[2018-03-13 17:46:26.360] [sharedprocess] [info] Scanned system extensions: 65
[2018-03-13 17:46:29.615] [sharedprocess] [info] Scanned user extensions: 16
[2018-03-13 17:51:29.753] [sharedprocess] [info] Scanned user extensions: 16
[2018-03-13 17:56:29.802] [sharedprocess] [info] Scanned user extensions: 16
[2018-03-13 18:01:29.870] [sharedprocess] [info] Scanned user extensions: 16
[2018-03-13 18:02:59.262] [sharedprocess] [info] Scanned user extensions: 16
[2018-03-13 18:02:59.267] [sharedprocess] [info] Scanned user extensions: 16
[2018-03-13 18:02:59.303] [sharedprocess] [info] Scanned system extensions: 65
[2018-03-13 18:03:02.579] [sharedprocess] [info] Scanned user extensions: 16
[2018-03-13 18:03:29.489] [sharedprocess] [info] Scanned user extensions: 16
[2018-03-13 18:03:29.492] [sharedprocess] [info] Scanned user extensions: 16
[2018-03-13 18:03:29.521] [sharedprocess] [info] Scanned system extensions: 65
[2018-03-13 18:03:32.692] [sharedprocess] [info] Scanned user extensions: 16
[2018-03-13 18:08:32.803] [sharedprocess] [info] Scanned user extensions: 16
[2018-03-13 18:13:32.854] [sharedprocess] [info] Scanned user extensions: 16
[2018-03-13 18:18:33.070] [sharedprocess] [info] Scanned user extensions: 16
[2018-03-13 18:22:17.835] [sharedprocess] [info] Scanned user extensions: 16
[2018-03-13 18:22:17.837] [sharedprocess] [info] Scanned user extensions: 16
[2018-03-13 18:22:17.856] [sharedprocess] [info] Scanned system extensions: 65
[2018-03-13 18:22:21.347] [sharedprocess] [info] Scanned user extensions: 16
[2018-03-13 18:23:38.426] [sharedprocess] [info] Scanned user extensions: 16
[2018-03-13 18:23:38.428] [sharedprocess] [info] Scanned user extensions: 16
[2018-03-13 18:23:38.457] [sharedprocess] [info] Scanned system extensions: 65
[2018-03-13 18:23:41.697] [sharedprocess] [info] Scanned user extensions: 16
[2018-03-13 18:28:41.791] [sharedprocess] [info] Scanned user extensions: 16
