Buscando git en: git
Usando GIT 2.7.4 desde git
> git rev-parse --show-toplevel
> git config --get commit.template
Open repository: /opt/lampp/htdocs/Refactor2.0
> git status -z -u
> git symbolic-ref --short HEAD
> git rev-parse master
> git rev-parse --symbolic-full-name --abbrev-ref master@{u}
> git rev-list --left-right master...origin/master
> git for-each-ref --format %(refname) %(objectname) --sort -committerdate
> git remote --verbose
> git show :index.html
> git check-ignore -z --stdin
> git show :js/directives.js
> git check-ignore -z --stdin
> git status -z -u
> git symbolic-ref --short HEAD
> git rev-parse master
> git rev-parse --symbolic-full-name --abbrev-ref master@{u}
> git rev-list --left-right master...origin/master
> git for-each-ref --format %(refname) %(objectname) --sort -committerdate
> git remote --verbose
> git check-ignore -z --stdin
> git show :css/extra.css
> git status -z -u
> git symbolic-ref --short HEAD
> git rev-parse master
> git rev-parse --symbolic-full-name --abbrev-ref master@{u}
> git rev-list --left-right master...origin/master
> git for-each-ref --format %(refname) %(objectname) --sort -committerdate
> git remote --verbose
> git show :templates/afiliados.html
> git show :js/directives.js
> git status -z -u
> git symbolic-ref --short HEAD
> git rev-parse master
> git rev-parse --symbolic-full-name --abbrev-ref master@{u}
> git rev-list --left-right master...origin/master
> git for-each-ref --format %(refname) %(objectname) --sort -committerdate
> git remote --verbose
> git status -z -u
> git symbolic-ref --short HEAD
> git rev-parse master
> git rev-parse --symbolic-full-name --abbrev-ref master@{u}
> git rev-list --left-right master...origin/master
> git for-each-ref --format %(refname) %(objectname) --sort -committerdate
> git remote --verbose
> git show :js/controllers.js
> git status -z -u
> git symbolic-ref --short HEAD
> git rev-parse master
> git rev-parse --symbolic-full-name --abbrev-ref master@{u}
> git rev-list --left-right master...origin/master
> git for-each-ref --format %(refname) %(objectname) --sort -committerdate
> git remote --verbose
> git status -z -u
> git symbolic-ref --short HEAD
> git rev-parse master
> git rev-parse --symbolic-full-name --abbrev-ref master@{u}
> git rev-list --left-right master...origin/master
> git for-each-ref --format %(refname) %(objectname) --sort -committerdate
> git remote --verbose
> git show :js/directives.js
> git status -z -u
> git symbolic-ref --short HEAD
> git rev-parse master
> git rev-parse --symbolic-full-name --abbrev-ref master@{u}
> git rev-list --left-right master...origin/master
> git for-each-ref --format %(refname) %(objectname) --sort -committerdate
> git remote --verbose
> git show :css/extra.css
> git status -z -u
> git symbolic-ref --short HEAD
> git rev-parse master
> git rev-parse --symbolic-full-name --abbrev-ref master@{u}
> git rev-list --left-right master...origin/master
> git for-each-ref --format %(refname) %(objectname) --sort -committerdate
> git remote --verbose
> git check-ignore -z --stdin
> git show :css/custom.css
> git check-ignore -z --stdin
> git status -z -u
> git symbolic-ref --short HEAD
> git rev-parse master
> git rev-parse --symbolic-full-name --abbrev-ref master@{u}
> git rev-list --left-right master...origin/master
> git for-each-ref --format %(refname) %(objectname) --sort -committerdate
> git remote --verbose
> git status -z -u
> git symbolic-ref --short HEAD
> git rev-parse master
> git rev-parse --symbolic-full-name --abbrev-ref master@{u}
> git rev-list --left-right master...origin/master
> git for-each-ref --format %(refname) %(objectname) --sort -committerdate
> git remote --verbose
> git show :css/personalizados.css
> git show :css/custom.css
> git show :css/personalizados.css
> git status -z -u
> git symbolic-ref --short HEAD
> git rev-parse master
> git rev-parse --symbolic-full-name --abbrev-ref master@{u}
> git rev-list --left-right master...origin/master
> git for-each-ref --format %(refname) %(objectname) --sort -committerdate
> git remote --verbose
> git show :css/custom.css
> git show :css/personalizados.css
> git status -z -u
> git symbolic-ref --short HEAD
> git rev-parse master
> git rev-parse --symbolic-full-name --abbrev-ref master@{u}
> git rev-list --left-right master...origin/master
> git for-each-ref --format %(refname) %(objectname) --sort -committerdate
> git remote --verbose
> git status -z -u
> git symbolic-ref --short HEAD
> git rev-parse master
> git rev-parse --symbolic-full-name --abbrev-ref master@{u}
> git rev-list --left-right master...origin/master
> git for-each-ref --format %(refname) %(objectname) --sort -committerdate
> git remote --verbose
> git show :js/controllers.js
> git status -z -u
> git symbolic-ref --short HEAD
> git rev-parse master
> git rev-parse --symbolic-full-name --abbrev-ref master@{u}
> git rev-list --left-right master...origin/master
> git for-each-ref --format %(refname) %(objectname) --sort -committerdate
> git remote --verbose
> git show :js/services.js
> git show :js/directives.js
> git show :js/controllers.js
> git status -z -u
> git symbolic-ref --short HEAD
> git rev-parse master
> git rev-parse --symbolic-full-name --abbrev-ref master@{u}
> git rev-list --left-right master...origin/master
> git for-each-ref --format %(refname) %(objectname) --sort -committerdate
> git remote --verbose
